[0.194s] DEBUG:colcon:Command line arguments: ['/usr/bin/colcon', 'build', '--symlink-install']
[0.194s] DEBUG:colcon:Parsed command line arguments: Namespace(log_base=None, log_level=None, verb_name='build', build_base='build', install_base='install', merge_install=False, symlink_install=True, test_result_base=None, continue_on_error=False, executor='parallel', parallel_workers=8, event_handlers=None, ignore_user_meta=False, metas=['./colcon.meta'], base_paths=['.'], packages_ignore=None, packages_ignore_regex=None, paths=None, packages_up_to=None, packages_up_to_regex=None, packages_above=None, packages_above_and_dependencies=None, packages_above_depth=None, packages_select_by_dep=None, packages_skip_by_dep=None, packages_skip_up_to=None, packages_select_build_failed=False, packages_skip_build_finished=False, packages_select_test_failures=False, packages_skip_test_passed=False, packages_select=None, packages_skip=None, packages_select_regex=None, packages_skip_regex=None, packages_start=None, packages_end=None, allow_overriding=[], cmake_args=None, cmake_target=None, cmake_target_skip_unavailable=False, cmake_clean_cache=False, cmake_clean_first=False, cmake_force_configure=False, ament_cmake_args=None, catkin_cmake_args=None, catkin_skip_building_tests=False, mixin_files=None, mixin=None, verb_parser=<colcon_mixin.mixin.mixin_argument.MixinArgumentDecorator object at 0x77a2ff0b9160>, verb_extension=<colcon_core.verb.build.BuildVerb object at 0x77a2ff0b8da0>, main=<bound method BuildVerb.main of <colcon_core.verb.build.BuildVerb object at 0x77a2ff0b8da0>>, mixin_verb=('build',))
[0.252s] Level 1:colcon.colcon_core.package_discovery:discover_packages(colcon_meta) check parameters
[0.252s] Level 1:colcon.colcon_core.package_discovery:discover_packages(recursive) check parameters
[0.252s] Level 1:colcon.colcon_core.package_discovery:discover_packages(ignore) check parameters
[0.252s] Level 1:colcon.colcon_core.package_discovery:discover_packages(path) check parameters
[0.252s] Level 1:colcon.colcon_core.package_discovery:discover_packages(colcon_meta) discover
[0.252s] Level 1:colcon.colcon_core.package_discovery:discover_packages(recursive) discover
[0.252s] INFO:colcon.colcon_core.package_discovery:Crawling recursively for packages in '/home/comrade/Documents/Project_ARIES/ros-ws'
[0.253s] Level 1:colcon.colcon_core.package_identification:_identify(.) by extensions ['ignore', 'ignore_ament_install']
[0.253s] Level 1:colcon.colcon_core.package_identification:_identify(.) by extension 'ignore'
[0.253s] Level 1:colcon.colcon_core.package_identification:_identify(.) by extension 'ignore_ament_install'
[0.253s] Level 1:colcon.colcon_core.package_identification:_identify(.) by extensions ['colcon_pkg']
[0.253s] Level 1:colcon.colcon_core.package_identification:_identify(.) by extension 'colcon_pkg'
[0.253s] Level 1:colcon.colcon_core.package_identification:_identify(.) by extensions ['colcon_meta']
[0.253s] Level 1:colcon.colcon_core.package_identification:_identify(.) by extension 'colcon_meta'
[0.253s] Level 1:colcon.colcon_core.package_identification:_identify(.) by extensions ['ros']
[0.253s] Level 1:colcon.colcon_core.package_identification:_identify(.) by extension 'ros'
[0.294s] Level 1:colcon.colcon_core.package_identification:_identify(.) by extensions ['cmake', 'python']
[0.294s] Level 1:colcon.colcon_core.package_identification:_identify(.) by extension 'cmake'
[0.294s] Level 1:colcon.colcon_core.package_identification:_identify(.) by extension 'python'
[0.294s] Level 1:colcon.colcon_core.package_identification:_identify(.) by extensions ['python_setup_py']
[0.294s] Level 1:colcon.colcon_core.package_identification:_identify(.) by extension 'python_setup_py'
[0.294s] Level 1:colcon.colcon_core.package_identification:_identify(build) by extensions ['ignore', 'ignore_ament_install']
[0.294s] Level 1:colcon.colcon_core.package_identification:_identify(build) by extension 'ignore'
[0.295s] Level 1:colcon.colcon_core.package_identification:_identify(build) ignored
[0.295s] Level 1:colcon.colcon_core.package_identification:_identify(install) by extensions ['ignore', 'ignore_ament_install']
[0.295s] Level 1:colcon.colcon_core.package_identification:_identify(install) by extension 'ignore'
[0.295s] Level 1:colcon.colcon_core.package_identification:_identify(install) ignored
[0.295s] Level 1:colcon.colcon_core.package_identification:_identify(log) by extensions ['ignore', 'ignore_ament_install']
[0.295s] Level 1:colcon.colcon_core.package_identification:_identify(log) by extension 'ignore'
[0.295s] Level 1:colcon.colcon_core.package_identification:_identify(log) ignored
[0.295s] Level 1:colcon.colcon_core.package_identification:_identify(src) by extensions ['ignore', 'ignore_ament_install']
[0.296s] Level 1:colcon.colcon_core.package_identification:_identify(src) by extension 'ignore'
[0.296s] Level 1:colcon.colcon_core.package_identification:_identify(src) by extension 'ignore_ament_install'
[0.296s] Level 1:colcon.colcon_core.package_identification:_identify(src) by extensions ['colcon_pkg']
[0.296s] Level 1:colcon.colcon_core.package_identification:_identify(src) by extension 'colcon_pkg'
[0.296s] Level 1:colcon.colcon_core.package_identification:_identify(src) by extensions ['colcon_meta']
[0.296s] Level 1:colcon.colcon_core.package_identification:_identify(src) by extension 'colcon_meta'
[0.296s] Level 1:colcon.colcon_core.package_identification:_identify(src) by extensions ['ros']
[0.296s] Level 1:colcon.colcon_core.package_identification:_identify(src) by extension 'ros'
[0.296s] Level 1:colcon.colcon_core.package_identification:_identify(src) by extensions ['cmake', 'python']
[0.296s] Level 1:colcon.colcon_core.package_identification:_identify(src) by extension 'cmake'
[0.296s] Level 1:colcon.colcon_core.package_identification:_identify(src) by extension 'python'
[0.296s] Level 1:colcon.colcon_core.package_identification:_identify(src) by extensions ['python_setup_py']
[0.296s] Level 1:colcon.colcon_core.package_identification:_identify(src) by extension 'python_setup_py'
[0.297s] Level 1:colcon.colcon_core.package_identification:_identify(src/aries) by extensions ['ignore', 'ignore_ament_install']
[0.297s] Level 1:colcon.colcon_core.package_identification:_identify(src/aries) by extension 'ignore'
[0.297s] Level 1:colcon.colcon_core.package_identification:_identify(src/aries) by extension 'ignore_ament_install'
[0.297s] Level 1:colcon.colcon_core.package_identification:_identify(src/aries) by extensions ['colcon_pkg']
[0.297s] Level 1:colcon.colcon_core.package_identification:_identify(src/aries) by extension 'colcon_pkg'
[0.297s] Level 1:colcon.colcon_core.package_identification:_identify(src/aries) by extensions ['colcon_meta']
[0.297s] Level 1:colcon.colcon_core.package_identification:_identify(src/aries) by extension 'colcon_meta'
[0.297s] Level 1:colcon.colcon_core.package_identification:_identify(src/aries) by extensions ['ros']
[0.297s] Level 1:colcon.colcon_core.package_identification:_identify(src/aries) by extension 'ros'
[0.302s] DEBUG:colcon.colcon_core.package_identification:Package 'src/aries' with type 'ros.ament_cmake' and name 'aries'
[0.302s] Level 1:colcon.colcon_core.package_identification:_identify(src/moveit2) by extensions ['ignore', 'ignore_ament_install']
[0.302s] Level 1:colcon.colcon_core.package_identification:_identify(src/moveit2) by extension 'ignore'
[0.302s] Level 1:colcon.colcon_core.package_identification:_identify(src/moveit2) by extension 'ignore_ament_install'
[0.302s] Level 1:colcon.colcon_core.package_identification:_identify(src/moveit2) by extensions ['colcon_pkg']
[0.302s] Level 1:colcon.colcon_core.package_identification:_identify(src/moveit2) by extension 'colcon_pkg'
[0.303s] Level 1:colcon.colcon_core.package_identification:_identify(src/moveit2) by extensions ['colcon_meta']
[0.303s] Level 1:colcon.colcon_core.package_identification:_identify(src/moveit2) by extension 'colcon_meta'
[0.303s] Level 1:colcon.colcon_core.package_identification:_identify(src/moveit2) by extensions ['ros']
[0.303s] Level 1:colcon.colcon_core.package_identification:_identify(src/moveit2) by extension 'ros'
[0.304s] DEBUG:colcon.colcon_core.package_identification:Package 'src/moveit2' with type 'ros.ament_cmake' and name 'moveit2'
[0.304s] Level 1:colcon.colcon_core.package_discovery:discover_packages(recursive) using defaults
[0.304s] Level 1:colcon.colcon_core.package_discovery:discover_packages(ignore) discover
[0.304s] Level 1:colcon.colcon_core.package_discovery:discover_packages(ignore) using defaults
[0.304s] Level 1:colcon.colcon_core.package_discovery:discover_packages(path) discover
[0.304s] Level 1:colcon.colcon_core.package_discovery:discover_packages(path) using defaults
[0.331s] Level 1:colcon.colcon_core.package_discovery:discover_packages(prefix_path) check parameters
[0.331s] Level 1:colcon.colcon_core.package_discovery:discover_packages(prefix_path) discover
[0.334s] DEBUG:colcon.colcon_installed_package_information.package_discovery:Found 2 installed packages in /home/comrade/Documents/Project_ARIES/ros-ws/install
[0.338s] DEBUG:colcon.colcon_installed_package_information.package_discovery:Found 425 installed packages in /opt/ros/jazzy
[0.341s] Level 1:colcon.colcon_core.package_discovery:discover_packages(prefix_path) using defaults
[0.441s] Level 5:colcon.colcon_core.verb:set package 'aries' build argument 'cmake_args' from command line to 'None'
[0.441s] Level 5:colcon.colcon_core.verb:set package 'aries' build argument 'cmake_target' from command line to 'None'
[0.441s] Level 5:colcon.colcon_core.verb:set package 'aries' build argument 'cmake_target_skip_unavailable' from command line to 'False'
[0.441s] Level 5:colcon.colcon_core.verb:set package 'aries' build argument 'cmake_clean_cache' from command line to 'False'
[0.441s] Level 5:colcon.colcon_core.verb:set package 'aries' build argument 'cmake_clean_first' from command line to 'False'
[0.441s] Level 5:colcon.colcon_core.verb:set package 'aries' build argument 'cmake_force_configure' from command line to 'False'
[0.441s] Level 5:colcon.colcon_core.verb:set package 'aries' build argument 'ament_cmake_args' from command line to 'None'
[0.441s] Level 5:colcon.colcon_core.verb:set package 'aries' build argument 'catkin_cmake_args' from command line to 'None'
[0.441s] Level 5:colcon.colcon_core.verb:set package 'aries' build argument 'catkin_skip_building_tests' from command line to 'False'
[0.441s] DEBUG:colcon.colcon_core.verb:Building package 'aries' with the following arguments: {'ament_cmake_args': None, 'build_base': '/home/comrade/Documents/Project_ARIES/ros-ws/build/aries', 'catkin_cmake_args': None, 'catkin_skip_building_tests': False, 'cmake_args': None, 'cmake_clean_cache': False, 'cmake_clean_first': False, 'cmake_force_configure': False, 'cmake_target': None, 'cmake_target_skip_unavailable': False, 'install_base': '/home/comrade/Documents/Project_ARIES/ros-ws/install/aries', 'merge_install': False, 'path': '/home/comrade/Documents/Project_ARIES/ros-ws/src/aries', 'symlink_install': True, 'test_result_base': None}
[0.442s] Level 5:colcon.colcon_core.verb:set package 'moveit2' build argument 'cmake_args' from command line to 'None'
[0.442s] Level 5:colcon.colcon_core.verb:set package 'moveit2' build argument 'cmake_target' from command line to 'None'
[0.442s] Level 5:colcon.colcon_core.verb:set package 'moveit2' build argument 'cmake_target_skip_unavailable' from command line to 'False'
[0.442s] Level 5:colcon.colcon_core.verb:set package 'moveit2' build argument 'cmake_clean_cache' from command line to 'False'
[0.442s] Level 5:colcon.colcon_core.verb:set package 'moveit2' build argument 'cmake_clean_first' from command line to 'False'
[0.442s] Level 5:colcon.colcon_core.verb:set package 'moveit2' build argument 'cmake_force_configure' from command line to 'False'
[0.442s] Level 5:colcon.colcon_core.verb:set package 'moveit2' build argument 'ament_cmake_args' from command line to 'None'
[0.442s] Level 5:colcon.colcon_core.verb:set package 'moveit2' build argument 'catkin_cmake_args' from command line to 'None'
[0.442s] Level 5:colcon.colcon_core.verb:set package 'moveit2' build argument 'catkin_skip_building_tests' from command line to 'False'
[0.442s] DEBUG:colcon.colcon_core.verb:Building package 'moveit2' with the following arguments: {'ament_cmake_args': None, 'build_base': '/home/comrade/Documents/Project_ARIES/ros-ws/build/moveit2', 'catkin_cmake_args': None, 'catkin_skip_building_tests': False, 'cmake_args': None, 'cmake_clean_cache': False, 'cmake_clean_first': False, 'cmake_force_configure': False, 'cmake_target': None, 'cmake_target_skip_unavailable': False, 'install_base': '/home/comrade/Documents/Project_ARIES/ros-ws/install/moveit2', 'merge_install': False, 'path': '/home/comrade/Documents/Project_ARIES/ros-ws/src/moveit2', 'symlink_install': True, 'test_result_base': None}
[0.442s] INFO:colcon.colcon_core.executor:Executing jobs using 'parallel' executor
[0.443s] DEBUG:colcon.colcon_parallel_executor.executor.parallel:run_until_complete
[0.444s] INFO:colcon.colcon_ros.task.ament_cmake.build:Building ROS package in '/home/comrade/Documents/Project_ARIES/ros-ws/src/aries' with build type 'ament_cmake'
[0.444s] INFO:colcon.colcon_cmake.task.cmake.build:Building CMake package in '/home/comrade/Documents/Project_ARIES/ros-ws/src/aries'
[0.447s] INFO:colcon.colcon_core.plugin_system:Skipping extension 'colcon_core.shell.bat': Not used on non-Windows systems
[0.447s] INFO:colcon.colcon_core.shell:Skip shell extension 'powershell' for command environment: Not usable outside of PowerShell
[0.447s] DEBUG:colcon.colcon_core.shell:Skip shell extension 'dsv' for command environment
[0.465s] DEBUG:colcon.colcon_core.event_handler.log_command:Invoking command in '/home/comrade/Documents/Project_ARIES/ros-ws/build/aries': CMAKE_PREFIX_PATH=${CMAKE_PREFIX_PATH}:/opt/ros/jazzy /usr/bin/cmake --build /home/comrade/Documents/Project_ARIES/ros-ws/build/aries -- -j8 -l8
[0.532s] DEBUG:colcon.colcon_core.event_handler.log_command:Invoked command in '/home/comrade/Documents/Project_ARIES/ros-ws/build/aries' returned '0': CMAKE_PREFIX_PATH=${CMAKE_PREFIX_PATH}:/opt/ros/jazzy /usr/bin/cmake --build /home/comrade/Documents/Project_ARIES/ros-ws/build/aries -- -j8 -l8
[0.547s] DEBUG:colcon.colcon_core.event_handler.log_command:Invoking command in '/home/comrade/Documents/Project_ARIES/ros-ws/build/aries': CMAKE_PREFIX_PATH=${CMAKE_PREFIX_PATH}:/opt/ros/jazzy /usr/bin/cmake --install /home/comrade/Documents/Project_ARIES/ros-ws/build/aries
[0.599s] Level 1:colcon.colcon_core.environment:create_environment_scripts_only(aries)
[0.600s] DEBUG:colcon.colcon_core.event_handler.log_command:Invoked command in '/home/comrade/Documents/Project_ARIES/ros-ws/build/aries' returned '0': CMAKE_PREFIX_PATH=${CMAKE_PREFIX_PATH}:/opt/ros/jazzy /usr/bin/cmake --install /home/comrade/Documents/Project_ARIES/ros-ws/build/aries
[0.603s] Level 1:colcon.colcon_core.environment:checking '/home/comrade/Documents/Project_ARIES/ros-ws/install/aries' for CMake module files
[0.605s] Level 1:colcon.colcon_core.environment:checking '/home/comrade/Documents/Project_ARIES/ros-ws/install/aries' for CMake config files
[0.606s] Level 1:colcon.colcon_core.shell:create_environment_hook('aries', 'cmake_prefix_path')
[0.606s] INFO:colcon.colcon_core.shell:Creating environment hook '/home/comrade/Documents/Project_ARIES/ros-ws/install/aries/share/aries/hook/cmake_prefix_path.ps1'
[0.607s] INFO:colcon.colcon_core.shell:Creating environment descriptor '/home/comrade/Documents/Project_ARIES/ros-ws/install/aries/share/aries/hook/cmake_prefix_path.dsv'
[0.608s] INFO:colcon.colcon_core.shell:Creating environment hook '/home/comrade/Documents/Project_ARIES/ros-ws/install/aries/share/aries/hook/cmake_prefix_path.sh'
[0.609s] Level 1:colcon.colcon_core.environment:checking '/home/comrade/Documents/Project_ARIES/ros-ws/install/aries/lib'
[0.609s] Level 1:colcon.colcon_core.environment:checking '/home/comrade/Documents/Project_ARIES/ros-ws/install/aries/bin'
[0.609s] Level 1:colcon.colcon_core.environment:checking '/home/comrade/Documents/Project_ARIES/ros-ws/install/aries/lib/pkgconfig/aries.pc'
[0.610s] Level 1:colcon.colcon_core.environment:checking '/home/comrade/Documents/Project_ARIES/ros-ws/install/aries/lib/python3.12/site-packages'
[0.610s] Level 1:colcon.colcon_core.environment:checking '/home/comrade/Documents/Project_ARIES/ros-ws/install/aries/bin'
[0.611s] INFO:colcon.colcon_core.shell:Creating package script '/home/comrade/Documents/Project_ARIES/ros-ws/install/aries/share/aries/package.ps1'
[0.612s] INFO:colcon.colcon_core.shell:Creating package descriptor '/home/comrade/Documents/Project_ARIES/ros-ws/install/aries/share/aries/package.dsv'
[0.613s] INFO:colcon.colcon_core.shell:Creating package script '/home/comrade/Documents/Project_ARIES/ros-ws/install/aries/share/aries/package.sh'
[0.614s] INFO:colcon.colcon_core.shell:Creating package script '/home/comrade/Documents/Project_ARIES/ros-ws/install/aries/share/aries/package.bash'
[0.615s] INFO:colcon.colcon_core.shell:Creating package script '/home/comrade/Documents/Project_ARIES/ros-ws/install/aries/share/aries/package.zsh'
[0.616s] Level 1:colcon.colcon_core.environment:create_file_with_runtime_dependencies(/home/comrade/Documents/Project_ARIES/ros-ws/install/aries/share/colcon-core/packages/aries)
[0.616s] Level 1:colcon.colcon_core.environment:create_environment_scripts_only(aries)
[0.617s] Level 1:colcon.colcon_core.environment:checking '/home/comrade/Documents/Project_ARIES/ros-ws/install/aries' for CMake module files
[0.618s] Level 1:colcon.colcon_core.environment:checking '/home/comrade/Documents/Project_ARIES/ros-ws/install/aries' for CMake config files
[0.619s] Level 1:colcon.colcon_core.shell:create_environment_hook('aries', 'cmake_prefix_path')
[0.619s] INFO:colcon.colcon_core.shell:Creating environment hook '/home/comrade/Documents/Project_ARIES/ros-ws/install/aries/share/aries/hook/cmake_prefix_path.ps1'
[0.619s] INFO:colcon.colcon_core.shell:Creating environment descriptor '/home/comrade/Documents/Project_ARIES/ros-ws/install/aries/share/aries/hook/cmake_prefix_path.dsv'
[0.620s] INFO:colcon.colcon_core.shell:Creating environment hook '/home/comrade/Documents/Project_ARIES/ros-ws/install/aries/share/aries/hook/cmake_prefix_path.sh'
[0.621s] Level 1:colcon.colcon_core.environment:checking '/home/comrade/Documents/Project_ARIES/ros-ws/install/aries/lib'
[0.621s] Level 1:colcon.colcon_core.environment:checking '/home/comrade/Documents/Project_ARIES/ros-ws/install/aries/bin'
[0.621s] Level 1:colcon.colcon_core.environment:checking '/home/comrade/Documents/Project_ARIES/ros-ws/install/aries/lib/pkgconfig/aries.pc'
[0.621s] Level 1:colcon.colcon_core.environment:checking '/home/comrade/Documents/Project_ARIES/ros-ws/install/aries/lib/python3.12/site-packages'
[0.622s] Level 1:colcon.colcon_core.environment:checking '/home/comrade/Documents/Project_ARIES/ros-ws/install/aries/bin'
[0.622s] INFO:colcon.colcon_core.shell:Creating package script '/home/comrade/Documents/Project_ARIES/ros-ws/install/aries/share/aries/package.ps1'
[0.623s] INFO:colcon.colcon_core.shell:Creating package descriptor '/home/comrade/Documents/Project_ARIES/ros-ws/install/aries/share/aries/package.dsv'
[0.624s] INFO:colcon.colcon_core.shell:Creating package script '/home/comrade/Documents/Project_ARIES/ros-ws/install/aries/share/aries/package.sh'
[0.625s] INFO:colcon.colcon_core.shell:Creating package script '/home/comrade/Documents/Project_ARIES/ros-ws/install/aries/share/aries/package.bash'
[0.625s] INFO:colcon.colcon_core.shell:Creating package script '/home/comrade/Documents/Project_ARIES/ros-ws/install/aries/share/aries/package.zsh'
[0.626s] Level 1:colcon.colcon_core.environment:create_file_with_runtime_dependencies(/home/comrade/Documents/Project_ARIES/ros-ws/install/aries/share/colcon-core/packages/aries)
[0.626s] INFO:colcon.colcon_ros.task.ament_cmake.build:Building ROS package in '/home/comrade/Documents/Project_ARIES/ros-ws/src/moveit2' with build type 'ament_cmake'
[0.626s] INFO:colcon.colcon_cmake.task.cmake.build:Building CMake package in '/home/comrade/Documents/Project_ARIES/ros-ws/src/moveit2'
[0.627s] INFO:colcon.colcon_core.shell:Skip shell extension 'powershell' for command environment: Not usable outside of PowerShell
[0.627s] DEBUG:colcon.colcon_core.shell:Skip shell extension 'dsv' for command environment
[0.643s] DEBUG:colcon.colcon_core.event_handler.log_command:Invoking command in '/home/comrade/Documents/Project_ARIES/ros-ws/build/moveit2': CMAKE_PREFIX_PATH=/home/comrade/Documents/Project_ARIES/ros-ws/install/aries:/home/comrade/Documents/Project_ARIES/ros-ws/install/moveit2:/opt/ros/jazzy/opt/gz_sim_vendor:/opt/ros/jazzy/opt/gz_sensors_vendor:/opt/ros/jazzy/opt/gz_physics_vendor:/opt/ros/jazzy/opt/sdformat_vendor:/opt/ros/jazzy/opt/gz_gui_vendor:/opt/ros/jazzy/opt/gz_transport_vendor:/opt/ros/jazzy/opt/gz_rendering_vendor:/opt/ros/jazzy/opt/gz_plugin_vendor:/opt/ros/jazzy/opt/gz_fuel_tools_vendor:/opt/ros/jazzy/opt/gz_msgs_vendor:/opt/ros/jazzy/opt/gz_common_vendor:/opt/ros/jazzy/opt/gz_math_vendor:/opt/ros/jazzy/opt/gz_utils_vendor:/opt/ros/jazzy/opt/gz_tools_vendor:/opt/ros/jazzy/opt/gz_ogre_next_vendor:/opt/ros/jazzy/opt/gz_dartsim_vendor:/opt/ros/jazzy/opt/gz_cmake_vendor:/opt/ros/jazzy /usr/bin/cmake --build /home/comrade/Documents/Project_ARIES/ros-ws/build/moveit2 -- -j8 -l8
[1.226s] DEBUG:colcon.colcon_core.event_handler.log_command:Invoked command in '/home/comrade/Documents/Project_ARIES/ros-ws/build/moveit2' returned '0': CMAKE_PREFIX_PATH=/home/comrade/Documents/Project_ARIES/ros-ws/install/aries:/home/comrade/Documents/Project_ARIES/ros-ws/install/moveit2:/opt/ros/jazzy/opt/gz_sim_vendor:/opt/ros/jazzy/opt/gz_sensors_vendor:/opt/ros/jazzy/opt/gz_physics_vendor:/opt/ros/jazzy/opt/sdformat_vendor:/opt/ros/jazzy/opt/gz_gui_vendor:/opt/ros/jazzy/opt/gz_transport_vendor:/opt/ros/jazzy/opt/gz_rendering_vendor:/opt/ros/jazzy/opt/gz_plugin_vendor:/opt/ros/jazzy/opt/gz_fuel_tools_vendor:/opt/ros/jazzy/opt/gz_msgs_vendor:/opt/ros/jazzy/opt/gz_common_vendor:/opt/ros/jazzy/opt/gz_math_vendor:/opt/ros/jazzy/opt/gz_utils_vendor:/opt/ros/jazzy/opt/gz_tools_vendor:/opt/ros/jazzy/opt/gz_ogre_next_vendor:/opt/ros/jazzy/opt/gz_dartsim_vendor:/opt/ros/jazzy/opt/gz_cmake_vendor:/opt/ros/jazzy /usr/bin/cmake --build /home/comrade/Documents/Project_ARIES/ros-ws/build/moveit2 -- -j8 -l8
[1.228s] DEBUG:colcon.colcon_core.event_handler.log_command:Invoking command in '/home/comrade/Documents/Project_ARIES/ros-ws/build/moveit2': CMAKE_PREFIX_PATH=/home/comrade/Documents/Project_ARIES/ros-ws/install/aries:/home/comrade/Documents/Project_ARIES/ros-ws/install/moveit2:/opt/ros/jazzy/opt/gz_sim_vendor:/opt/ros/jazzy/opt/gz_sensors_vendor:/opt/ros/jazzy/opt/gz_physics_vendor:/opt/ros/jazzy/opt/sdformat_vendor:/opt/ros/jazzy/opt/gz_gui_vendor:/opt/ros/jazzy/opt/gz_transport_vendor:/opt/ros/jazzy/opt/gz_rendering_vendor:/opt/ros/jazzy/opt/gz_plugin_vendor:/opt/ros/jazzy/opt/gz_fuel_tools_vendor:/opt/ros/jazzy/opt/gz_msgs_vendor:/opt/ros/jazzy/opt/gz_common_vendor:/opt/ros/jazzy/opt/gz_math_vendor:/opt/ros/jazzy/opt/gz_utils_vendor:/opt/ros/jazzy/opt/gz_tools_vendor:/opt/ros/jazzy/opt/gz_ogre_next_vendor:/opt/ros/jazzy/opt/gz_dartsim_vendor:/opt/ros/jazzy/opt/gz_cmake_vendor:/opt/ros/jazzy /usr/bin/cmake --install /home/comrade/Documents/Project_ARIES/ros-ws/build/moveit2
[1.270s] Level 1:colcon.colcon_core.environment:create_environment_scripts_only(moveit2)
[1.270s] Level 1:colcon.colcon_core.environment:checking '/home/comrade/Documents/Project_ARIES/ros-ws/install/moveit2' for CMake module files
[1.271s] DEBUG:colcon.colcon_core.event_handler.log_command:Invoked command in '/home/comrade/Documents/Project_ARIES/ros-ws/build/moveit2' returned '0': CMAKE_PREFIX_PATH=/home/comrade/Documents/Project_ARIES/ros-ws/install/aries:/home/comrade/Documents/Project_ARIES/ros-ws/install/moveit2:/opt/ros/jazzy/opt/gz_sim_vendor:/opt/ros/jazzy/opt/gz_sensors_vendor:/opt/ros/jazzy/opt/gz_physics_vendor:/opt/ros/jazzy/opt/sdformat_vendor:/opt/ros/jazzy/opt/gz_gui_vendor:/opt/ros/jazzy/opt/gz_transport_vendor:/opt/ros/jazzy/opt/gz_rendering_vendor:/opt/ros/jazzy/opt/gz_plugin_vendor:/opt/ros/jazzy/opt/gz_fuel_tools_vendor:/opt/ros/jazzy/opt/gz_msgs_vendor:/opt/ros/jazzy/opt/gz_common_vendor:/opt/ros/jazzy/opt/gz_math_vendor:/opt/ros/jazzy/opt/gz_utils_vendor:/opt/ros/jazzy/opt/gz_tools_vendor:/opt/ros/jazzy/opt/gz_ogre_next_vendor:/opt/ros/jazzy/opt/gz_dartsim_vendor:/opt/ros/jazzy/opt/gz_cmake_vendor:/opt/ros/jazzy /usr/bin/cmake --install /home/comrade/Documents/Project_ARIES/ros-ws/build/moveit2
[1.272s] Level 1:colcon.colcon_core.environment:checking '/home/comrade/Documents/Project_ARIES/ros-ws/install/moveit2' for CMake config files
[1.273s] Level 1:colcon.colcon_core.shell:create_environment_hook('moveit2', 'cmake_prefix_path')
[1.273s] INFO:colcon.colcon_core.shell:Creating environment hook '/home/comrade/Documents/Project_ARIES/ros-ws/install/moveit2/share/moveit2/hook/cmake_prefix_path.ps1'
[1.274s] INFO:colcon.colcon_core.shell:Creating environment descriptor '/home/comrade/Documents/Project_ARIES/ros-ws/install/moveit2/share/moveit2/hook/cmake_prefix_path.dsv'
[1.275s] INFO:colcon.colcon_core.shell:Creating environment hook '/home/comrade/Documents/Project_ARIES/ros-ws/install/moveit2/share/moveit2/hook/cmake_prefix_path.sh'
[1.276s] Level 1:colcon.colcon_core.environment:checking '/home/comrade/Documents/Project_ARIES/ros-ws/install/moveit2/bin'
[1.276s] Level 1:colcon.colcon_core.environment:checking '/home/comrade/Documents/Project_ARIES/ros-ws/install/moveit2/lib/pkgconfig/moveit2.pc'
[1.276s] Level 1:colcon.colcon_core.environment:checking '/home/comrade/Documents/Project_ARIES/ros-ws/install/moveit2/lib/python3.12/site-packages'
[1.277s] Level 1:colcon.colcon_core.environment:checking '/home/comrade/Documents/Project_ARIES/ros-ws/install/moveit2/bin'
[1.277s] INFO:colcon.colcon_core.shell:Creating package script '/home/comrade/Documents/Project_ARIES/ros-ws/install/moveit2/share/moveit2/package.ps1'
[1.278s] INFO:colcon.colcon_core.shell:Creating package descriptor '/home/comrade/Documents/Project_ARIES/ros-ws/install/moveit2/share/moveit2/package.dsv'
[1.279s] INFO:colcon.colcon_core.shell:Creating package script '/home/comrade/Documents/Project_ARIES/ros-ws/install/moveit2/share/moveit2/package.sh'
[1.280s] INFO:colcon.colcon_core.shell:Creating package script '/home/comrade/Documents/Project_ARIES/ros-ws/install/moveit2/share/moveit2/package.bash'
[1.280s] INFO:colcon.colcon_core.shell:Creating package script '/home/comrade/Documents/Project_ARIES/ros-ws/install/moveit2/share/moveit2/package.zsh'
[1.281s] Level 1:colcon.colcon_core.environment:create_file_with_runtime_dependencies(/home/comrade/Documents/Project_ARIES/ros-ws/install/moveit2/share/colcon-core/packages/moveit2)
[1.282s] Level 1:colcon.colcon_core.environment:create_environment_scripts_only(moveit2)
[1.282s] Level 1:colcon.colcon_core.environment:checking '/home/comrade/Documents/Project_ARIES/ros-ws/install/moveit2' for CMake module files
[1.283s] Level 1:colcon.colcon_core.environment:checking '/home/comrade/Documents/Project_ARIES/ros-ws/install/moveit2' for CMake config files
[1.284s] Level 1:colcon.colcon_core.shell:create_environment_hook('moveit2', 'cmake_prefix_path')
[1.284s] INFO:colcon.colcon_core.shell:Creating environment hook '/home/comrade/Documents/Project_ARIES/ros-ws/install/moveit2/share/moveit2/hook/cmake_prefix_path.ps1'
[1.284s] INFO:colcon.colcon_core.shell:Creating environment descriptor '/home/comrade/Documents/Project_ARIES/ros-ws/install/moveit2/share/moveit2/hook/cmake_prefix_path.dsv'
[1.285s] INFO:colcon.colcon_core.shell:Creating environment hook '/home/comrade/Documents/Project_ARIES/ros-ws/install/moveit2/share/moveit2/hook/cmake_prefix_path.sh'
[1.286s] Level 1:colcon.colcon_core.environment:checking '/home/comrade/Documents/Project_ARIES/ros-ws/install/moveit2/bin'
[1.286s] Level 1:colcon.colcon_core.environment:checking '/home/comrade/Documents/Project_ARIES/ros-ws/install/moveit2/lib/pkgconfig/moveit2.pc'
[1.286s] Level 1:colcon.colcon_core.environment:checking '/home/comrade/Documents/Project_ARIES/ros-ws/install/moveit2/lib/python3.12/site-packages'
[1.287s] Level 1:colcon.colcon_core.environment:checking '/home/comrade/Documents/Project_ARIES/ros-ws/install/moveit2/bin'
[1.287s] INFO:colcon.colcon_core.shell:Creating package script '/home/comrade/Documents/Project_ARIES/ros-ws/install/moveit2/share/moveit2/package.ps1'
[1.288s] INFO:colcon.colcon_core.shell:Creating package descriptor '/home/comrade/Documents/Project_ARIES/ros-ws/install/moveit2/share/moveit2/package.dsv'
[1.289s] INFO:colcon.colcon_core.shell:Creating package script '/home/comrade/Documents/Project_ARIES/ros-ws/install/moveit2/share/moveit2/package.sh'
[1.290s] INFO:colcon.colcon_core.shell:Creating package script '/home/comrade/Documents/Project_ARIES/ros-ws/install/moveit2/share/moveit2/package.bash'
[1.290s] INFO:colcon.colcon_core.shell:Creating package script '/home/comrade/Documents/Project_ARIES/ros-ws/install/moveit2/share/moveit2/package.zsh'
[1.291s] Level 1:colcon.colcon_core.environment:create_file_with_runtime_dependencies(/home/comrade/Documents/Project_ARIES/ros-ws/install/moveit2/share/colcon-core/packages/moveit2)
[1.291s] DEBUG:colcon.colcon_parallel_executor.executor.parallel:closing loop
[1.291s] DEBUG:colcon.colcon_parallel_executor.executor.parallel:loop closed
[1.291s] DEBUG:colcon.colcon_parallel_executor.executor.parallel:run_until_complete finished with '0'
[1.291s] DEBUG:colcon.colcon_core.event_reactor:joining thread
[1.301s] INFO:colcon.colcon_core.plugin_system:Skipping extension 'colcon_notification.desktop_notification.terminal_notifier': Not used on non-Darwin systems
[1.301s] INFO:colcon.colcon_core.plugin_system:Skipping extension 'colcon_notification.desktop_notification.win32': Not used on non-Windows systems
[1.301s] INFO:colcon.colcon_notification.desktop_notification:Sending desktop notification using 'notify2'
[1.307s] DEBUG:colcon.colcon_core.event_reactor:joined thread
[1.308s] INFO:colcon.colcon_core.shell:Creating prefix script '/home/comrade/Documents/Project_ARIES/ros-ws/install/local_setup.ps1'
[1.310s] INFO:colcon.colcon_core.shell:Creating prefix util module '/home/comrade/Documents/Project_ARIES/ros-ws/install/_local_setup_util_ps1.py'
[1.312s] INFO:colcon.colcon_core.shell:Creating prefix chain script '/home/comrade/Documents/Project_ARIES/ros-ws/install/setup.ps1'
[1.315s] INFO:colcon.colcon_core.shell:Creating prefix script '/home/comrade/Documents/Project_ARIES/ros-ws/install/local_setup.sh'
[1.316s] INFO:colcon.colcon_core.shell:Creating prefix util module '/home/comrade/Documents/Project_ARIES/ros-ws/install/_local_setup_util_sh.py'
[1.318s] INFO:colcon.colcon_core.shell:Creating prefix chain script '/home/comrade/Documents/Project_ARIES/ros-ws/install/setup.sh'
[1.320s] INFO:colcon.colcon_core.shell:Creating prefix script '/home/comrade/Documents/Project_ARIES/ros-ws/install/local_setup.bash'
[1.322s] INFO:colcon.colcon_core.shell:Creating prefix chain script '/home/comrade/Documents/Project_ARIES/ros-ws/install/setup.bash'
[1.325s] INFO:colcon.colcon_core.shell:Creating prefix script '/home/comrade/Documents/Project_ARIES/ros-ws/install/local_setup.zsh'
[1.326s] INFO:colcon.colcon_core.shell:Creating prefix chain script '/home/comrade/Documents/Project_ARIES/ros-ws/install/setup.zsh'
