-- Install configuration: ""
-- Execute custom install script
-- Up-to-date symlink: /home/comrade/Documents/Project_ARIES/ros-ws/install/aries/share/aries/ard_connect/ard_connect.ino
-- Up-to-date symlink: /home/comrade/Documents/Project_ARIES/ros-ws/install/aries/share/aries/ard_connect/ros2_to_arduino_bridge.py
-- Up-to-date symlink: /home/comrade/Documents/Project_ARIES/ros-ws/install/aries/share/aries/ard_connect/run_sequence.py
-- Up-to-date symlink: /home/comrade/Documents/Project_ARIES/ros-ws/install/aries/share/aries/config/ardcontroller.yaml
-- Up-to-date symlink: /home/comrade/Documents/Project_ARIES/ros-ws/install/aries/share/aries/config/fullcontroller.yaml
-- Up-to-date symlink: /home/comrade/Documents/Project_ARIES/ros-ws/install/aries/share/aries/config/holdcontroller.yaml
-- Up-to-date symlink: /home/comrade/Documents/Project_ARIES/ros-ws/install/aries/share/aries/config/robocontroller.yaml
-- Up-to-date symlink: /home/comrade/Documents/Project_ARIES/ros-ws/install/aries/share/aries/launch/full_rviz.launch.py
-- Up-to-date symlink: /home/comrade/Documents/Project_ARIES/ros-ws/install/aries/share/aries/launch/holdassem_rviz.launch.py
-- Up-to-date symlink: /home/comrade/Documents/Project_ARIES/ros-ws/install/aries/share/aries/launch/roboassem_rviz.launch.py
-- Up-to-date symlink: /home/comrade/Documents/Project_ARIES/ros-ws/install/aries/share/aries/meshes/holdassem/button1.STL
-- Up-to-date symlink: /home/comrade/Documents/Project_ARIES/ros-ws/install/aries/share/aries/meshes/holdassem/button2.STL
-- Up-to-date symlink: /home/comrade/Documents/Project_ARIES/ros-ws/install/aries/share/aries/meshes/holdassem/connector.STL
-- Up-to-date symlink: /home/comrade/Documents/Project_ARIES/ros-ws/install/aries/share/aries/meshes/holdassem/finger.STL
-- Up-to-date symlink: /home/comrade/Documents/Project_ARIES/ros-ws/install/aries/share/aries/meshes/holdassem/gear.STL
-- Up-to-date symlink: /home/comrade/Documents/Project_ARIES/ros-ws/install/aries/share/aries/meshes/holdassem/hbase.STL
-- Up-to-date symlink: /home/comrade/Documents/Project_ARIES/ros-ws/install/aries/share/aries/meshes/holdassem/horn.STL
-- Up-to-date symlink: /home/comrade/Documents/Project_ARIES/ros-ws/install/aries/share/aries/meshes/holdassem/link.STL
-- Up-to-date symlink: /home/comrade/Documents/Project_ARIES/ros-ws/install/aries/share/aries/meshes/holdassem/magnet.STL
-- Up-to-date symlink: /home/comrade/Documents/Project_ARIES/ros-ws/install/aries/share/aries/meshes/holdassem/mbutton1.STL
-- Up-to-date symlink: /home/comrade/Documents/Project_ARIES/ros-ws/install/aries/share/aries/meshes/holdassem/mbutton2.STL
-- Up-to-date symlink: /home/comrade/Documents/Project_ARIES/ros-ws/install/aries/share/aries/meshes/holdassem/mconnector.STL
-- Up-to-date symlink: /home/comrade/Documents/Project_ARIES/ros-ws/install/aries/share/aries/meshes/holdassem/rod.STL
-- Up-to-date symlink: /home/comrade/Documents/Project_ARIES/ros-ws/install/aries/share/aries/meshes/holdassem/sfinger.STL
-- Up-to-date symlink: /home/comrade/Documents/Project_ARIES/ros-ws/install/aries/share/aries/meshes/holdassem/sgear.STL
-- Up-to-date symlink: /home/comrade/Documents/Project_ARIES/ros-ws/install/aries/share/aries/meshes/holdassem/slink.STL
-- Up-to-date symlink: /home/comrade/Documents/Project_ARIES/ros-ws/install/aries/share/aries/meshes/roboassem/base.STL
-- Up-to-date symlink: /home/comrade/Documents/Project_ARIES/ros-ws/install/aries/share/aries/meshes/roboassem/end.STL
-- Up-to-date symlink: /home/comrade/Documents/Project_ARIES/ros-ws/install/aries/share/aries/meshes/roboassem/link1.STL
-- Up-to-date symlink: /home/comrade/Documents/Project_ARIES/ros-ws/install/aries/share/aries/meshes/roboassem/link2.STL
-- Up-to-date symlink: /home/comrade/Documents/Project_ARIES/ros-ws/install/aries/share/aries/meshes/roboassem/rotate1.STL
-- Up-to-date symlink: /home/comrade/Documents/Project_ARIES/ros-ws/install/aries/share/aries/meshes/roboassem/rotate2.STL
-- Up-to-date symlink: /home/comrade/Documents/Project_ARIES/ros-ws/install/aries/share/aries/urdf/full.xacro
-- Up-to-date symlink: /home/comrade/Documents/Project_ARIES/ros-ws/install/aries/share/aries/urdf/holdassem.csv
-- Up-to-date symlink: /home/comrade/Documents/Project_ARIES/ros-ws/install/aries/share/aries/urdf/holdassem.urdf
-- Up-to-date symlink: /home/comrade/Documents/Project_ARIES/ros-ws/install/aries/share/aries/urdf/roboassem.csv
-- Up-to-date symlink: /home/comrade/Documents/Project_ARIES/ros-ws/install/aries/share/aries/urdf/roboassem.urdf
-- Up-to-date symlink: /home/comrade/Documents/Project_ARIES/ros-ws/install/aries/share/aries/worlds/holdassem.rviz
-- Up-to-date symlink: /home/comrade/Documents/Project_ARIES/ros-ws/install/aries/share/aries/worlds/roboassem.rviz
-- Up-to-date symlink: /home/comrade/Documents/Project_ARIES/ros-ws/install/aries/lib/aries/ros2_to_arduino_bridge.py
-- Up-to-date symlink: /home/comrade/Documents/Project_ARIES/ros-ws/install/aries/share/ament_index/resource_index/package_run_dependencies/aries
-- Up-to-date symlink: /home/comrade/Documents/Project_ARIES/ros-ws/install/aries/share/ament_index/resource_index/parent_prefix_path/aries
-- Up-to-date symlink: /home/comrade/Documents/Project_ARIES/ros-ws/install/aries/share/aries/environment/ament_prefix_path.sh
-- Up-to-date symlink: /home/comrade/Documents/Project_ARIES/ros-ws/install/aries/share/aries/environment/ament_prefix_path.dsv
-- Up-to-date symlink: /home/comrade/Documents/Project_ARIES/ros-ws/install/aries/share/aries/environment/path.sh
-- Up-to-date symlink: /home/comrade/Documents/Project_ARIES/ros-ws/install/aries/share/aries/environment/path.dsv
-- Up-to-date symlink: /home/comrade/Documents/Project_ARIES/ros-ws/install/aries/share/aries/local_setup.bash
-- Up-to-date symlink: /home/comrade/Documents/Project_ARIES/ros-ws/install/aries/share/aries/local_setup.sh
-- Up-to-date symlink: /home/comrade/Documents/Project_ARIES/ros-ws/install/aries/share/aries/local_setup.zsh
-- Up-to-date symlink: /home/comrade/Documents/Project_ARIES/ros-ws/install/aries/share/aries/local_setup.dsv
-- Symlinking: /home/comrade/Documents/Project_ARIES/ros-ws/install/aries/share/aries/package.dsv
-- Up-to-date symlink: /home/comrade/Documents/Project_ARIES/ros-ws/install/aries/share/ament_index/resource_index/packages/aries
-- Up-to-date symlink: /home/comrade/Documents/Project_ARIES/ros-ws/install/aries/share/aries/cmake/ariesConfig.cmake
-- Up-to-date symlink: /home/comrade/Documents/Project_ARIES/ros-ws/install/aries/share/aries/cmake/ariesConfig-version.cmake
-- Up-to-date symlink: /home/comrade/Documents/Project_ARIES/ros-ws/install/aries/share/aries/package.xml
