[0.187s] DEBUG:colcon:Command line arguments: ['/usr/bin/colcon', 'build', '--symlink-install']
[0.187s] DEBUG:colcon:Parsed command line arguments: Namespace(log_base=None, log_level=None, verb_name='build', build_base='build', install_base='install', merge_install=False, symlink_install=True, test_result_base=None, continue_on_error=False, executor='parallel', parallel_workers=8, event_handlers=None, ignore_user_meta=False, metas=['./colcon.meta'], base_paths=['.'], packages_ignore=None, packages_ignore_regex=None, paths=None, packages_up_to=None, packages_up_to_regex=None, packages_above=None, packages_above_and_dependencies=None, packages_above_depth=None, packages_select_by_dep=None, packages_skip_by_dep=None, packages_skip_up_to=None, packages_select_build_failed=False, packages_skip_build_finished=False, packages_select_test_failures=False, packages_skip_test_passed=False, packages_select=None, packages_skip=None, packages_select_regex=None, packages_skip_regex=None, packages_start=None, packages_end=None, allow_overriding=[], cmake_args=None, cmake_target=None, cmake_target_skip_unavailable=False, cmake_clean_cache=False, cmake_clean_first=False, cmake_force_configure=False, ament_cmake_args=None, catkin_cmake_args=None, catkin_skip_building_tests=False, mixin_files=None, mixin=None, verb_parser=<colcon_mixin.mixin.mixin_argument.MixinArgumentDecorator object at 0x7d6dc72c1010>, verb_extension=<colcon_core.verb.build.BuildVerb object at 0x7d6dc72c0b60>, main=<bound method BuildVerb.main of <colcon_core.verb.build.BuildVerb object at 0x7d6dc72c0b60>>, mixin_verb=('build',))
[0.246s] Level 1:colcon.colcon_core.package_discovery:discover_packages(colcon_meta) check parameters
[0.246s] Level 1:colcon.colcon_core.package_discovery:discover_packages(recursive) check parameters
[0.246s] Level 1:colcon.colcon_core.package_discovery:discover_packages(ignore) check parameters
[0.246s] Level 1:colcon.colcon_core.package_discovery:discover_packages(path) check parameters
[0.246s] Level 1:colcon.colcon_core.package_discovery:discover_packages(colcon_meta) discover
[0.246s] Level 1:colcon.colcon_core.package_discovery:discover_packages(recursive) discover
[0.246s] INFO:colcon.colcon_core.package_discovery:Crawling recursively for packages in '/home/comrade/Documents/Project_ARIES/ros-ws'
[0.247s] Level 1:colcon.colcon_core.package_identification:_identify(.) by extensions ['ignore', 'ignore_ament_install']
[0.247s] Level 1:colcon.colcon_core.package_identification:_identify(.) by extension 'ignore'
[0.247s] Level 1:colcon.colcon_core.package_identification:_identify(.) by extension 'ignore_ament_install'
[0.247s] Level 1:colcon.colcon_core.package_identification:_identify(.) by extensions ['colcon_pkg']
[0.247s] Level 1:colcon.colcon_core.package_identification:_identify(.) by extension 'colcon_pkg'
[0.247s] Level 1:colcon.colcon_core.package_identification:_identify(.) by extensions ['colcon_meta']
[0.247s] Level 1:colcon.colcon_core.package_identification:_identify(.) by extension 'colcon_meta'
[0.247s] Level 1:colcon.colcon_core.package_identification:_identify(.) by extensions ['ros']
[0.247s] Level 1:colcon.colcon_core.package_identification:_identify(.) by extension 'ros'
[0.287s] Level 1:colcon.colcon_core.package_identification:_identify(.) by extensions ['cmake', 'python']
[0.287s] Level 1:colcon.colcon_core.package_identification:_identify(.) by extension 'cmake'
[0.287s] Level 1:colcon.colcon_core.package_identification:_identify(.) by extension 'python'
[0.287s] Level 1:colcon.colcon_core.package_identification:_identify(.) by extensions ['python_setup_py']
[0.287s] Level 1:colcon.colcon_core.package_identification:_identify(.) by extension 'python_setup_py'
[0.287s] Level 1:colcon.colcon_core.package_identification:_identify(build) by extensions ['ignore', 'ignore_ament_install']
[0.287s] Level 1:colcon.colcon_core.package_identification:_identify(build) by extension 'ignore'
[0.287s] Level 1:colcon.colcon_core.package_identification:_identify(build) ignored
[0.287s] Level 1:colcon.colcon_core.package_identification:_identify(install) by extensions ['ignore', 'ignore_ament_install']
[0.288s] Level 1:colcon.colcon_core.package_identification:_identify(install) by extension 'ignore'
[0.288s] Level 1:colcon.colcon_core.package_identification:_identify(install) ignored
[0.288s] Level 1:colcon.colcon_core.package_identification:_identify(log) by extensions ['ignore', 'ignore_ament_install']
[0.288s] Level 1:colcon.colcon_core.package_identification:_identify(log) by extension 'ignore'
[0.288s] Level 1:colcon.colcon_core.package_identification:_identify(log) ignored
[0.288s] Level 1:colcon.colcon_core.package_identification:_identify(src) by extensions ['ignore', 'ignore_ament_install']
[0.288s] Level 1:colcon.colcon_core.package_identification:_identify(src) by extension 'ignore'
[0.288s] Level 1:colcon.colcon_core.package_identification:_identify(src) by extension 'ignore_ament_install'
[0.288s] Level 1:colcon.colcon_core.package_identification:_identify(src) by extensions ['colcon_pkg']
[0.288s] Level 1:colcon.colcon_core.package_identification:_identify(src) by extension 'colcon_pkg'
[0.289s] Level 1:colcon.colcon_core.package_identification:_identify(src) by extensions ['colcon_meta']
[0.289s] Level 1:colcon.colcon_core.package_identification:_identify(src) by extension 'colcon_meta'
[0.289s] Level 1:colcon.colcon_core.package_identification:_identify(src) by extensions ['ros']
[0.289s] Level 1:colcon.colcon_core.package_identification:_identify(src) by extension 'ros'
[0.289s] Level 1:colcon.colcon_core.package_identification:_identify(src) by extensions ['cmake', 'python']
[0.289s] Level 1:colcon.colcon_core.package_identification:_identify(src) by extension 'cmake'
[0.289s] Level 1:colcon.colcon_core.package_identification:_identify(src) by extension 'python'
[0.289s] Level 1:colcon.colcon_core.package_identification:_identify(src) by extensions ['python_setup_py']
[0.289s] Level 1:colcon.colcon_core.package_identification:_identify(src) by extension 'python_setup_py'
[0.289s] Level 1:colcon.colcon_core.package_identification:_identify(src/aries) by extensions ['ignore', 'ignore_ament_install']
[0.289s] Level 1:colcon.colcon_core.package_identification:_identify(src/aries) by extension 'ignore'
[0.289s] Level 1:colcon.colcon_core.package_identification:_identify(src/aries) by extension 'ignore_ament_install'
[0.289s] Level 1:colcon.colcon_core.package_identification:_identify(src/aries) by extensions ['colcon_pkg']
[0.289s] Level 1:colcon.colcon_core.package_identification:_identify(src/aries) by extension 'colcon_pkg'
[0.290s] Level 1:colcon.colcon_core.package_identification:_identify(src/aries) by extensions ['colcon_meta']
[0.290s] Level 1:colcon.colcon_core.package_identification:_identify(src/aries) by extension 'colcon_meta'
[0.290s] Level 1:colcon.colcon_core.package_identification:_identify(src/aries) by extensions ['ros']
[0.290s] Level 1:colcon.colcon_core.package_identification:_identify(src/aries) by extension 'ros'
[0.294s] DEBUG:colcon.colcon_core.package_identification:Package 'src/aries' with type 'ros.ament_cmake' and name 'aries'
[0.294s] Level 1:colcon.colcon_core.package_identification:_identify(src/moveit2) by extensions ['ignore', 'ignore_ament_install']
[0.294s] Level 1:colcon.colcon_core.package_identification:_identify(src/moveit2) by extension 'ignore'
[0.295s] Level 1:colcon.colcon_core.package_identification:_identify(src/moveit2) by extension 'ignore_ament_install'
[0.295s] Level 1:colcon.colcon_core.package_identification:_identify(src/moveit2) by extensions ['colcon_pkg']
[0.295s] Level 1:colcon.colcon_core.package_identification:_identify(src/moveit2) by extension 'colcon_pkg'
[0.295s] Level 1:colcon.colcon_core.package_identification:_identify(src/moveit2) by extensions ['colcon_meta']
[0.295s] Level 1:colcon.colcon_core.package_identification:_identify(src/moveit2) by extension 'colcon_meta'
[0.295s] Level 1:colcon.colcon_core.package_identification:_identify(src/moveit2) by extensions ['ros']
[0.295s] Level 1:colcon.colcon_core.package_identification:_identify(src/moveit2) by extension 'ros'
[0.296s] DEBUG:colcon.colcon_core.package_identification:Package 'src/moveit2' with type 'ros.ament_cmake' and name 'moveit2'
[0.296s] Level 1:colcon.colcon_core.package_discovery:discover_packages(recursive) using defaults
[0.296s] Level 1:colcon.colcon_core.package_discovery:discover_packages(ignore) discover
[0.296s] Level 1:colcon.colcon_core.package_discovery:discover_packages(ignore) using defaults
[0.296s] Level 1:colcon.colcon_core.package_discovery:discover_packages(path) discover
[0.296s] Level 1:colcon.colcon_core.package_discovery:discover_packages(path) using defaults
[0.322s] Level 1:colcon.colcon_core.package_discovery:discover_packages(prefix_path) check parameters
[0.322s] Level 1:colcon.colcon_core.package_discovery:discover_packages(prefix_path) discover
[0.325s] DEBUG:colcon.colcon_installed_package_information.package_discovery:Found 0 installed packages in /home/comrade/Documents/Project_ARIES/ros-ws/install
[0.328s] DEBUG:colcon.colcon_installed_package_information.package_discovery:Found 425 installed packages in /opt/ros/jazzy
[0.331s] Level 1:colcon.colcon_core.package_discovery:discover_packages(prefix_path) using defaults
[0.430s] Level 5:colcon.colcon_core.verb:set package 'aries' build argument 'cmake_args' from command line to 'None'
[0.430s] Level 5:colcon.colcon_core.verb:set package 'aries' build argument 'cmake_target' from command line to 'None'
[0.430s] Level 5:colcon.colcon_core.verb:set package 'aries' build argument 'cmake_target_skip_unavailable' from command line to 'False'
[0.430s] Level 5:colcon.colcon_core.verb:set package 'aries' build argument 'cmake_clean_cache' from command line to 'False'
[0.430s] Level 5:colcon.colcon_core.verb:set package 'aries' build argument 'cmake_clean_first' from command line to 'False'
[0.430s] Level 5:colcon.colcon_core.verb:set package 'aries' build argument 'cmake_force_configure' from command line to 'False'
[0.430s] Level 5:colcon.colcon_core.verb:set package 'aries' build argument 'ament_cmake_args' from command line to 'None'
[0.430s] Level 5:colcon.colcon_core.verb:set package 'aries' build argument 'catkin_cmake_args' from command line to 'None'
[0.430s] Level 5:colcon.colcon_core.verb:set package 'aries' build argument 'catkin_skip_building_tests' from command line to 'False'
[0.430s] DEBUG:colcon.colcon_core.verb:Building package 'aries' with the following arguments: {'ament_cmake_args': None, 'build_base': '/home/comrade/Documents/Project_ARIES/ros-ws/build/aries', 'catkin_cmake_args': None, 'catkin_skip_building_tests': False, 'cmake_args': None, 'cmake_clean_cache': False, 'cmake_clean_first': False, 'cmake_force_configure': False, 'cmake_target': None, 'cmake_target_skip_unavailable': False, 'install_base': '/home/comrade/Documents/Project_ARIES/ros-ws/install/aries', 'merge_install': False, 'path': '/home/comrade/Documents/Project_ARIES/ros-ws/src/aries', 'symlink_install': True, 'test_result_base': None}
[0.431s] Level 5:colcon.colcon_core.verb:set package 'moveit2' build argument 'cmake_args' from command line to 'None'
[0.431s] Level 5:colcon.colcon_core.verb:set package 'moveit2' build argument 'cmake_target' from command line to 'None'
[0.431s] Level 5:colcon.colcon_core.verb:set package 'moveit2' build argument 'cmake_target_skip_unavailable' from command line to 'False'
[0.431s] Level 5:colcon.colcon_core.verb:set package 'moveit2' build argument 'cmake_clean_cache' from command line to 'False'
[0.431s] Level 5:colcon.colcon_core.verb:set package 'moveit2' build argument 'cmake_clean_first' from command line to 'False'
[0.431s] Level 5:colcon.colcon_core.verb:set package 'moveit2' build argument 'cmake_force_configure' from command line to 'False'
[0.431s] Level 5:colcon.colcon_core.verb:set package 'moveit2' build argument 'ament_cmake_args' from command line to 'None'
[0.431s] Level 5:colcon.colcon_core.verb:set package 'moveit2' build argument 'catkin_cmake_args' from command line to 'None'
[0.431s] Level 5:colcon.colcon_core.verb:set package 'moveit2' build argument 'catkin_skip_building_tests' from command line to 'False'
[0.431s] DEBUG:colcon.colcon_core.verb:Building package 'moveit2' with the following arguments: {'ament_cmake_args': None, 'build_base': '/home/comrade/Documents/Project_ARIES/ros-ws/build/moveit2', 'catkin_cmake_args': None, 'catkin_skip_building_tests': False, 'cmake_args': None, 'cmake_clean_cache': False, 'cmake_clean_first': False, 'cmake_force_configure': False, 'cmake_target': None, 'cmake_target_skip_unavailable': False, 'install_base': '/home/comrade/Documents/Project_ARIES/ros-ws/install/moveit2', 'merge_install': False, 'path': '/home/comrade/Documents/Project_ARIES/ros-ws/src/moveit2', 'symlink_install': True, 'test_result_base': None}
[0.431s] INFO:colcon.colcon_core.executor:Executing jobs using 'parallel' executor
[0.433s] DEBUG:colcon.colcon_parallel_executor.executor.parallel:run_until_complete
[0.433s] INFO:colcon.colcon_ros.task.ament_cmake.build:Building ROS package in '/home/comrade/Documents/Project_ARIES/ros-ws/src/aries' with build type 'ament_cmake'
[0.433s] INFO:colcon.colcon_cmake.task.cmake.build:Building CMake package in '/home/comrade/Documents/Project_ARIES/ros-ws/src/aries'
[0.436s] INFO:colcon.colcon_core.plugin_system:Skipping extension 'colcon_core.shell.bat': Not used on non-Windows systems
[0.437s] INFO:colcon.colcon_core.shell:Skip shell extension 'powershell' for command environment: Not usable outside of PowerShell
[0.437s] DEBUG:colcon.colcon_core.shell:Skip shell extension 'dsv' for command environment
[0.454s] DEBUG:colcon.colcon_core.event_handler.log_command:Invoking command in '/home/comrade/Documents/Project_ARIES/ros-ws/build/aries': CMAKE_PREFIX_PATH=${CMAKE_PREFIX_PATH}:/opt/ros/jazzy /usr/bin/cmake /home/comrade/Documents/Project_ARIES/ros-ws/src/aries -DAMENT_CMAKE_SYMLINK_INSTALL=1 -DCMAKE_INSTALL_PREFIX=/home/comrade/Documents/Project_ARIES/ros-ws/install/aries
[3.891s] DEBUG:colcon.colcon_core.event_handler.log_command:Invoked command in '/home/comrade/Documents/Project_ARIES/ros-ws/build/aries' returned '0': CMAKE_PREFIX_PATH=${CMAKE_PREFIX_PATH}:/opt/ros/jazzy /usr/bin/cmake /home/comrade/Documents/Project_ARIES/ros-ws/src/aries -DAMENT_CMAKE_SYMLINK_INSTALL=1 -DCMAKE_INSTALL_PREFIX=/home/comrade/Documents/Project_ARIES/ros-ws/install/aries
[3.893s] DEBUG:colcon.colcon_core.event_handler.log_command:Invoking command in '/home/comrade/Documents/Project_ARIES/ros-ws/build/aries': CMAKE_PREFIX_PATH=${CMAKE_PREFIX_PATH}:/opt/ros/jazzy /usr/bin/cmake --build /home/comrade/Documents/Project_ARIES/ros-ws/build/aries -- -j8 -l8
[3.967s] DEBUG:colcon.colcon_core.event_handler.log_command:Invoked command in '/home/comrade/Documents/Project_ARIES/ros-ws/build/aries' returned '0': CMAKE_PREFIX_PATH=${CMAKE_PREFIX_PATH}:/opt/ros/jazzy /usr/bin/cmake --build /home/comrade/Documents/Project_ARIES/ros-ws/build/aries -- -j8 -l8
[3.986s] DEBUG:colcon.colcon_core.event_handler.log_command:Invoking command in '/home/comrade/Documents/Project_ARIES/ros-ws/build/aries': CMAKE_PREFIX_PATH=${CMAKE_PREFIX_PATH}:/opt/ros/jazzy /usr/bin/cmake --install /home/comrade/Documents/Project_ARIES/ros-ws/build/aries
[5.335s] Level 1:colcon.colcon_core.environment:create_environment_scripts_only(aries)
[5.336s] DEBUG:colcon.colcon_core.event_handler.log_command:Invoked command in '/home/comrade/Documents/Project_ARIES/ros-ws/build/aries' returned '0': CMAKE_PREFIX_PATH=${CMAKE_PREFIX_PATH}:/opt/ros/jazzy /usr/bin/cmake --install /home/comrade/Documents/Project_ARIES/ros-ws/build/aries
[5.339s] Level 1:colcon.colcon_core.environment:checking '/home/comrade/Documents/Project_ARIES/ros-ws/install/aries' for CMake module files
[5.341s] Level 1:colcon.colcon_core.environment:checking '/home/comrade/Documents/Project_ARIES/ros-ws/install/aries' for CMake config files
[5.342s] Level 1:colcon.colcon_core.shell:create_environment_hook('aries', 'cmake_prefix_path')
[5.342s] INFO:colcon.colcon_core.shell:Creating environment hook '/home/comrade/Documents/Project_ARIES/ros-ws/install/aries/share/aries/hook/cmake_prefix_path.ps1'
[5.343s] INFO:colcon.colcon_core.shell:Creating environment descriptor '/home/comrade/Documents/Project_ARIES/ros-ws/install/aries/share/aries/hook/cmake_prefix_path.dsv'
[5.344s] INFO:colcon.colcon_core.shell:Creating environment hook '/home/comrade/Documents/Project_ARIES/ros-ws/install/aries/share/aries/hook/cmake_prefix_path.sh'
[5.346s] Level 1:colcon.colcon_core.environment:checking '/home/comrade/Documents/Project_ARIES/ros-ws/install/aries/lib'
[5.346s] Level 1:colcon.colcon_core.environment:checking '/home/comrade/Documents/Project_ARIES/ros-ws/install/aries/bin'
[5.346s] Level 1:colcon.colcon_core.environment:checking '/home/comrade/Documents/Project_ARIES/ros-ws/install/aries/lib/pkgconfig/aries.pc'
[5.347s] Level 1:colcon.colcon_core.environment:checking '/home/comrade/Documents/Project_ARIES/ros-ws/install/aries/lib/python3.12/site-packages'
[5.347s] Level 1:colcon.colcon_core.environment:checking '/home/comrade/Documents/Project_ARIES/ros-ws/install/aries/bin'
[5.348s] INFO:colcon.colcon_core.shell:Creating package script '/home/comrade/Documents/Project_ARIES/ros-ws/install/aries/share/aries/package.ps1'
[5.350s] INFO:colcon.colcon_core.shell:Creating package descriptor '/home/comrade/Documents/Project_ARIES/ros-ws/install/aries/share/aries/package.dsv'
[5.351s] INFO:colcon.colcon_core.shell:Creating package script '/home/comrade/Documents/Project_ARIES/ros-ws/install/aries/share/aries/package.sh'
[5.352s] INFO:colcon.colcon_core.shell:Creating package script '/home/comrade/Documents/Project_ARIES/ros-ws/install/aries/share/aries/package.bash'
[5.353s] INFO:colcon.colcon_core.shell:Creating package script '/home/comrade/Documents/Project_ARIES/ros-ws/install/aries/share/aries/package.zsh'
[5.354s] Level 1:colcon.colcon_core.environment:create_file_with_runtime_dependencies(/home/comrade/Documents/Project_ARIES/ros-ws/install/aries/share/colcon-core/packages/aries)
[5.355s] Level 1:colcon.colcon_core.environment:create_environment_scripts_only(aries)
[5.355s] Level 1:colcon.colcon_core.environment:checking '/home/comrade/Documents/Project_ARIES/ros-ws/install/aries' for CMake module files
[5.357s] Level 1:colcon.colcon_core.environment:checking '/home/comrade/Documents/Project_ARIES/ros-ws/install/aries' for CMake config files
[5.358s] Level 1:colcon.colcon_core.shell:create_environment_hook('aries', 'cmake_prefix_path')
[5.358s] INFO:colcon.colcon_core.shell:Creating environment hook '/home/comrade/Documents/Project_ARIES/ros-ws/install/aries/share/aries/hook/cmake_prefix_path.ps1'
[5.359s] INFO:colcon.colcon_core.shell:Creating environment descriptor '/home/comrade/Documents/Project_ARIES/ros-ws/install/aries/share/aries/hook/cmake_prefix_path.dsv'
[5.359s] INFO:colcon.colcon_core.shell:Creating environment hook '/home/comrade/Documents/Project_ARIES/ros-ws/install/aries/share/aries/hook/cmake_prefix_path.sh'
[5.360s] Level 1:colcon.colcon_core.environment:checking '/home/comrade/Documents/Project_ARIES/ros-ws/install/aries/lib'
[5.360s] Level 1:colcon.colcon_core.environment:checking '/home/comrade/Documents/Project_ARIES/ros-ws/install/aries/bin'
[5.361s] Level 1:colcon.colcon_core.environment:checking '/home/comrade/Documents/Project_ARIES/ros-ws/install/aries/lib/pkgconfig/aries.pc'
[5.361s] Level 1:colcon.colcon_core.environment:checking '/home/comrade/Documents/Project_ARIES/ros-ws/install/aries/lib/python3.12/site-packages'
[5.362s] Level 1:colcon.colcon_core.environment:checking '/home/comrade/Documents/Project_ARIES/ros-ws/install/aries/bin'
[5.362s] INFO:colcon.colcon_core.shell:Creating package script '/home/comrade/Documents/Project_ARIES/ros-ws/install/aries/share/aries/package.ps1'
[5.363s] INFO:colcon.colcon_core.shell:Creating package descriptor '/home/comrade/Documents/Project_ARIES/ros-ws/install/aries/share/aries/package.dsv'
[5.364s] INFO:colcon.colcon_core.shell:Creating package script '/home/comrade/Documents/Project_ARIES/ros-ws/install/aries/share/aries/package.sh'
[5.365s] INFO:colcon.colcon_core.shell:Creating package script '/home/comrade/Documents/Project_ARIES/ros-ws/install/aries/share/aries/package.bash'
[5.365s] INFO:colcon.colcon_core.shell:Creating package script '/home/comrade/Documents/Project_ARIES/ros-ws/install/aries/share/aries/package.zsh'
[5.366s] Level 1:colcon.colcon_core.environment:create_file_with_runtime_dependencies(/home/comrade/Documents/Project_ARIES/ros-ws/install/aries/share/colcon-core/packages/aries)
[5.367s] INFO:colcon.colcon_ros.task.ament_cmake.build:Building ROS package in '/home/comrade/Documents/Project_ARIES/ros-ws/src/moveit2' with build type 'ament_cmake'
[5.367s] INFO:colcon.colcon_cmake.task.cmake.build:Building CMake package in '/home/comrade/Documents/Project_ARIES/ros-ws/src/moveit2'
[5.367s] INFO:colcon.colcon_core.shell:Skip shell extension 'powershell' for command environment: Not usable outside of PowerShell
[5.367s] DEBUG:colcon.colcon_core.shell:Skip shell extension 'dsv' for command environment
[5.384s] DEBUG:colcon.colcon_core.event_handler.log_command:Invoking command in '/home/comrade/Documents/Project_ARIES/ros-ws/build/moveit2': AMENT_PREFIX_PATH=/home/comrade/Documents/Project_ARIES/ros-ws/install/aries:${AMENT_PREFIX_PATH} CMAKE_PREFIX_PATH=/home/comrade/Documents/Project_ARIES/ros-ws/install/aries:/opt/ros/jazzy/opt/gz_sim_vendor:/opt/ros/jazzy/opt/gz_sensors_vendor:/opt/ros/jazzy/opt/gz_physics_vendor:/opt/ros/jazzy/opt/sdformat_vendor:/opt/ros/jazzy/opt/gz_gui_vendor:/opt/ros/jazzy/opt/gz_transport_vendor:/opt/ros/jazzy/opt/gz_rendering_vendor:/opt/ros/jazzy/opt/gz_plugin_vendor:/opt/ros/jazzy/opt/gz_fuel_tools_vendor:/opt/ros/jazzy/opt/gz_msgs_vendor:/opt/ros/jazzy/opt/gz_common_vendor:/opt/ros/jazzy/opt/gz_math_vendor:/opt/ros/jazzy/opt/gz_utils_vendor:/opt/ros/jazzy/opt/gz_tools_vendor:/opt/ros/jazzy/opt/gz_ogre_next_vendor:/opt/ros/jazzy/opt/gz_dartsim_vendor:/opt/ros/jazzy/opt/gz_cmake_vendor:/opt/ros/jazzy /usr/bin/cmake /home/comrade/Documents/Project_ARIES/ros-ws/src/moveit2 -DAMENT_CMAKE_SYMLINK_INSTALL=1 -DCMAKE_INSTALL_PREFIX=/home/comrade/Documents/Project_ARIES/ros-ws/install/moveit2
[6.967s] DEBUG:colcon.colcon_core.event_handler.log_command:Invoked command in '/home/comrade/Documents/Project_ARIES/ros-ws/build/moveit2' returned '0': AMENT_PREFIX_PATH=/home/comrade/Documents/Project_ARIES/ros-ws/install/aries:${AMENT_PREFIX_PATH} CMAKE_PREFIX_PATH=/home/comrade/Documents/Project_ARIES/ros-ws/install/aries:/opt/ros/jazzy/opt/gz_sim_vendor:/opt/ros/jazzy/opt/gz_sensors_vendor:/opt/ros/jazzy/opt/gz_physics_vendor:/opt/ros/jazzy/opt/sdformat_vendor:/opt/ros/jazzy/opt/gz_gui_vendor:/opt/ros/jazzy/opt/gz_transport_vendor:/opt/ros/jazzy/opt/gz_rendering_vendor:/opt/ros/jazzy/opt/gz_plugin_vendor:/opt/ros/jazzy/opt/gz_fuel_tools_vendor:/opt/ros/jazzy/opt/gz_msgs_vendor:/opt/ros/jazzy/opt/gz_common_vendor:/opt/ros/jazzy/opt/gz_math_vendor:/opt/ros/jazzy/opt/gz_utils_vendor:/opt/ros/jazzy/opt/gz_tools_vendor:/opt/ros/jazzy/opt/gz_ogre_next_vendor:/opt/ros/jazzy/opt/gz_dartsim_vendor:/opt/ros/jazzy/opt/gz_cmake_vendor:/opt/ros/jazzy /usr/bin/cmake /home/comrade/Documents/Project_ARIES/ros-ws/src/moveit2 -DAMENT_CMAKE_SYMLINK_INSTALL=1 -DCMAKE_INSTALL_PREFIX=/home/comrade/Documents/Project_ARIES/ros-ws/install/moveit2
[6.969s] DEBUG:colcon.colcon_core.event_handler.log_command:Invoking command in '/home/comrade/Documents/Project_ARIES/ros-ws/build/moveit2': AMENT_PREFIX_PATH=/home/comrade/Documents/Project_ARIES/ros-ws/install/aries:${AMENT_PREFIX_PATH} CMAKE_PREFIX_PATH=/home/comrade/Documents/Project_ARIES/ros-ws/install/aries:/opt/ros/jazzy/opt/gz_sim_vendor:/opt/ros/jazzy/opt/gz_sensors_vendor:/opt/ros/jazzy/opt/gz_physics_vendor:/opt/ros/jazzy/opt/sdformat_vendor:/opt/ros/jazzy/opt/gz_gui_vendor:/opt/ros/jazzy/opt/gz_transport_vendor:/opt/ros/jazzy/opt/gz_rendering_vendor:/opt/ros/jazzy/opt/gz_plugin_vendor:/opt/ros/jazzy/opt/gz_fuel_tools_vendor:/opt/ros/jazzy/opt/gz_msgs_vendor:/opt/ros/jazzy/opt/gz_common_vendor:/opt/ros/jazzy/opt/gz_math_vendor:/opt/ros/jazzy/opt/gz_utils_vendor:/opt/ros/jazzy/opt/gz_tools_vendor:/opt/ros/jazzy/opt/gz_ogre_next_vendor:/opt/ros/jazzy/opt/gz_dartsim_vendor:/opt/ros/jazzy/opt/gz_cmake_vendor:/opt/ros/jazzy /usr/bin/cmake --build /home/comrade/Documents/Project_ARIES/ros-ws/build/moveit2 -- -j8 -l8
[7.052s] DEBUG:colcon.colcon_core.event_handler.log_command:Invoked command in '/home/comrade/Documents/Project_ARIES/ros-ws/build/moveit2' returned '0': AMENT_PREFIX_PATH=/home/comrade/Documents/Project_ARIES/ros-ws/install/aries:${AMENT_PREFIX_PATH} CMAKE_PREFIX_PATH=/home/comrade/Documents/Project_ARIES/ros-ws/install/aries:/opt/ros/jazzy/opt/gz_sim_vendor:/opt/ros/jazzy/opt/gz_sensors_vendor:/opt/ros/jazzy/opt/gz_physics_vendor:/opt/ros/jazzy/opt/sdformat_vendor:/opt/ros/jazzy/opt/gz_gui_vendor:/opt/ros/jazzy/opt/gz_transport_vendor:/opt/ros/jazzy/opt/gz_rendering_vendor:/opt/ros/jazzy/opt/gz_plugin_vendor:/opt/ros/jazzy/opt/gz_fuel_tools_vendor:/opt/ros/jazzy/opt/gz_msgs_vendor:/opt/ros/jazzy/opt/gz_common_vendor:/opt/ros/jazzy/opt/gz_math_vendor:/opt/ros/jazzy/opt/gz_utils_vendor:/opt/ros/jazzy/opt/gz_tools_vendor:/opt/ros/jazzy/opt/gz_ogre_next_vendor:/opt/ros/jazzy/opt/gz_dartsim_vendor:/opt/ros/jazzy/opt/gz_cmake_vendor:/opt/ros/jazzy /usr/bin/cmake --build /home/comrade/Documents/Project_ARIES/ros-ws/build/moveit2 -- -j8 -l8
[7.054s] DEBUG:colcon.colcon_core.event_handler.log_command:Invoking command in '/home/comrade/Documents/Project_ARIES/ros-ws/build/moveit2': AMENT_PREFIX_PATH=/home/comrade/Documents/Project_ARIES/ros-ws/install/aries:${AMENT_PREFIX_PATH} CMAKE_PREFIX_PATH=/home/comrade/Documents/Project_ARIES/ros-ws/install/aries:/opt/ros/jazzy/opt/gz_sim_vendor:/opt/ros/jazzy/opt/gz_sensors_vendor:/opt/ros/jazzy/opt/gz_physics_vendor:/opt/ros/jazzy/opt/sdformat_vendor:/opt/ros/jazzy/opt/gz_gui_vendor:/opt/ros/jazzy/opt/gz_transport_vendor:/opt/ros/jazzy/opt/gz_rendering_vendor:/opt/ros/jazzy/opt/gz_plugin_vendor:/opt/ros/jazzy/opt/gz_fuel_tools_vendor:/opt/ros/jazzy/opt/gz_msgs_vendor:/opt/ros/jazzy/opt/gz_common_vendor:/opt/ros/jazzy/opt/gz_math_vendor:/opt/ros/jazzy/opt/gz_utils_vendor:/opt/ros/jazzy/opt/gz_tools_vendor:/opt/ros/jazzy/opt/gz_ogre_next_vendor:/opt/ros/jazzy/opt/gz_dartsim_vendor:/opt/ros/jazzy/opt/gz_cmake_vendor:/opt/ros/jazzy /usr/bin/cmake --install /home/comrade/Documents/Project_ARIES/ros-ws/build/moveit2
[7.683s] Level 1:colcon.colcon_core.environment:create_environment_scripts_only(moveit2)
[7.684s] Level 1:colcon.colcon_core.environment:checking '/home/comrade/Documents/Project_ARIES/ros-ws/install/moveit2' for CMake module files
[7.685s] DEBUG:colcon.colcon_core.event_handler.log_command:Invoked command in '/home/comrade/Documents/Project_ARIES/ros-ws/build/moveit2' returned '0': AMENT_PREFIX_PATH=/home/comrade/Documents/Project_ARIES/ros-ws/install/aries:${AMENT_PREFIX_PATH} CMAKE_PREFIX_PATH=/home/comrade/Documents/Project_ARIES/ros-ws/install/aries:/opt/ros/jazzy/opt/gz_sim_vendor:/opt/ros/jazzy/opt/gz_sensors_vendor:/opt/ros/jazzy/opt/gz_physics_vendor:/opt/ros/jazzy/opt/sdformat_vendor:/opt/ros/jazzy/opt/gz_gui_vendor:/opt/ros/jazzy/opt/gz_transport_vendor:/opt/ros/jazzy/opt/gz_rendering_vendor:/opt/ros/jazzy/opt/gz_plugin_vendor:/opt/ros/jazzy/opt/gz_fuel_tools_vendor:/opt/ros/jazzy/opt/gz_msgs_vendor:/opt/ros/jazzy/opt/gz_common_vendor:/opt/ros/jazzy/opt/gz_math_vendor:/opt/ros/jazzy/opt/gz_utils_vendor:/opt/ros/jazzy/opt/gz_tools_vendor:/opt/ros/jazzy/opt/gz_ogre_next_vendor:/opt/ros/jazzy/opt/gz_dartsim_vendor:/opt/ros/jazzy/opt/gz_cmake_vendor:/opt/ros/jazzy /usr/bin/cmake --install /home/comrade/Documents/Project_ARIES/ros-ws/build/moveit2
[7.686s] Level 1:colcon.colcon_core.environment:checking '/home/comrade/Documents/Project_ARIES/ros-ws/install/moveit2' for CMake config files
[7.686s] Level 1:colcon.colcon_core.shell:create_environment_hook('moveit2', 'cmake_prefix_path')
[7.687s] INFO:colcon.colcon_core.shell:Creating environment hook '/home/comrade/Documents/Project_ARIES/ros-ws/install/moveit2/share/moveit2/hook/cmake_prefix_path.ps1'
[7.688s] INFO:colcon.colcon_core.shell:Creating environment descriptor '/home/comrade/Documents/Project_ARIES/ros-ws/install/moveit2/share/moveit2/hook/cmake_prefix_path.dsv'
[7.688s] INFO:colcon.colcon_core.shell:Creating environment hook '/home/comrade/Documents/Project_ARIES/ros-ws/install/moveit2/share/moveit2/hook/cmake_prefix_path.sh'
[7.689s] Level 1:colcon.colcon_core.environment:checking '/home/comrade/Documents/Project_ARIES/ros-ws/install/moveit2/bin'
[7.690s] Level 1:colcon.colcon_core.environment:checking '/home/comrade/Documents/Project_ARIES/ros-ws/install/moveit2/lib/pkgconfig/moveit2.pc'
[7.690s] Level 1:colcon.colcon_core.environment:checking '/home/comrade/Documents/Project_ARIES/ros-ws/install/moveit2/lib/python3.12/site-packages'
[7.691s] Level 1:colcon.colcon_core.environment:checking '/home/comrade/Documents/Project_ARIES/ros-ws/install/moveit2/bin'
[7.691s] INFO:colcon.colcon_core.shell:Creating package script '/home/comrade/Documents/Project_ARIES/ros-ws/install/moveit2/share/moveit2/package.ps1'
[7.693s] INFO:colcon.colcon_core.shell:Creating package descriptor '/home/comrade/Documents/Project_ARIES/ros-ws/install/moveit2/share/moveit2/package.dsv'
[7.693s] INFO:colcon.colcon_core.shell:Creating package script '/home/comrade/Documents/Project_ARIES/ros-ws/install/moveit2/share/moveit2/package.sh'
[7.694s] INFO:colcon.colcon_core.shell:Creating package script '/home/comrade/Documents/Project_ARIES/ros-ws/install/moveit2/share/moveit2/package.bash'
[7.695s] INFO:colcon.colcon_core.shell:Creating package script '/home/comrade/Documents/Project_ARIES/ros-ws/install/moveit2/share/moveit2/package.zsh'
[7.695s] Level 1:colcon.colcon_core.environment:create_file_with_runtime_dependencies(/home/comrade/Documents/Project_ARIES/ros-ws/install/moveit2/share/colcon-core/packages/moveit2)
[7.696s] Level 1:colcon.colcon_core.environment:create_environment_scripts_only(moveit2)
[7.697s] Level 1:colcon.colcon_core.environment:checking '/home/comrade/Documents/Project_ARIES/ros-ws/install/moveit2' for CMake module files
[7.698s] Level 1:colcon.colcon_core.environment:checking '/home/comrade/Documents/Project_ARIES/ros-ws/install/moveit2' for CMake config files
[7.699s] Level 1:colcon.colcon_core.shell:create_environment_hook('moveit2', 'cmake_prefix_path')
[7.699s] INFO:colcon.colcon_core.shell:Creating environment hook '/home/comrade/Documents/Project_ARIES/ros-ws/install/moveit2/share/moveit2/hook/cmake_prefix_path.ps1'
[7.700s] INFO:colcon.colcon_core.shell:Creating environment descriptor '/home/comrade/Documents/Project_ARIES/ros-ws/install/moveit2/share/moveit2/hook/cmake_prefix_path.dsv'
[7.701s] INFO:colcon.colcon_core.shell:Creating environment hook '/home/comrade/Documents/Project_ARIES/ros-ws/install/moveit2/share/moveit2/hook/cmake_prefix_path.sh'
[7.702s] Level 1:colcon.colcon_core.environment:checking '/home/comrade/Documents/Project_ARIES/ros-ws/install/moveit2/bin'
[7.702s] Level 1:colcon.colcon_core.environment:checking '/home/comrade/Documents/Project_ARIES/ros-ws/install/moveit2/lib/pkgconfig/moveit2.pc'
[7.702s] Level 1:colcon.colcon_core.environment:checking '/home/comrade/Documents/Project_ARIES/ros-ws/install/moveit2/lib/python3.12/site-packages'
[7.703s] Level 1:colcon.colcon_core.environment:checking '/home/comrade/Documents/Project_ARIES/ros-ws/install/moveit2/bin'
[7.704s] INFO:colcon.colcon_core.shell:Creating package script '/home/comrade/Documents/Project_ARIES/ros-ws/install/moveit2/share/moveit2/package.ps1'
[7.705s] INFO:colcon.colcon_core.shell:Creating package descriptor '/home/comrade/Documents/Project_ARIES/ros-ws/install/moveit2/share/moveit2/package.dsv'
[7.706s] INFO:colcon.colcon_core.shell:Creating package script '/home/comrade/Documents/Project_ARIES/ros-ws/install/moveit2/share/moveit2/package.sh'
[7.707s] INFO:colcon.colcon_core.shell:Creating package script '/home/comrade/Documents/Project_ARIES/ros-ws/install/moveit2/share/moveit2/package.bash'
[7.708s] INFO:colcon.colcon_core.shell:Creating package script '/home/comrade/Documents/Project_ARIES/ros-ws/install/moveit2/share/moveit2/package.zsh'
[7.709s] Level 1:colcon.colcon_core.environment:create_file_with_runtime_dependencies(/home/comrade/Documents/Project_ARIES/ros-ws/install/moveit2/share/colcon-core/packages/moveit2)
[7.709s] DEBUG:colcon.colcon_parallel_executor.executor.parallel:closing loop
[7.710s] DEBUG:colcon.colcon_parallel_executor.executor.parallel:loop closed
[7.710s] DEBUG:colcon.colcon_parallel_executor.executor.parallel:run_until_complete finished with '0'
[7.710s] DEBUG:colcon.colcon_core.event_reactor:joining thread
[7.721s] INFO:colcon.colcon_core.plugin_system:Skipping extension 'colcon_notification.desktop_notification.terminal_notifier': Not used on non-Darwin systems
[7.721s] INFO:colcon.colcon_core.plugin_system:Skipping extension 'colcon_notification.desktop_notification.win32': Not used on non-Windows systems
[7.721s] INFO:colcon.colcon_notification.desktop_notification:Sending desktop notification using 'notify2'
[7.729s] DEBUG:colcon.colcon_core.event_reactor:joined thread
[7.729s] INFO:colcon.colcon_core.shell:Creating prefix script '/home/comrade/Documents/Project_ARIES/ros-ws/install/local_setup.ps1'
[7.731s] INFO:colcon.colcon_core.shell:Creating prefix util module '/home/comrade/Documents/Project_ARIES/ros-ws/install/_local_setup_util_ps1.py'
[7.733s] INFO:colcon.colcon_core.shell:Creating prefix chain script '/home/comrade/Documents/Project_ARIES/ros-ws/install/setup.ps1'
[7.735s] INFO:colcon.colcon_core.shell:Creating prefix script '/home/comrade/Documents/Project_ARIES/ros-ws/install/local_setup.sh'
[7.737s] INFO:colcon.colcon_core.shell:Creating prefix util module '/home/comrade/Documents/Project_ARIES/ros-ws/install/_local_setup_util_sh.py'
[7.738s] INFO:colcon.colcon_core.shell:Creating prefix chain script '/home/comrade/Documents/Project_ARIES/ros-ws/install/setup.sh'
[7.740s] INFO:colcon.colcon_core.shell:Creating prefix script '/home/comrade/Documents/Project_ARIES/ros-ws/install/local_setup.bash'
[7.741s] INFO:colcon.colcon_core.shell:Creating prefix chain script '/home/comrade/Documents/Project_ARIES/ros-ws/install/setup.bash'
[7.743s] INFO:colcon.colcon_core.shell:Creating prefix script '/home/comrade/Documents/Project_ARIES/ros-ws/install/local_setup.zsh'
[7.744s] INFO:colcon.colcon_core.shell:Creating prefix chain script '/home/comrade/Documents/Project_ARIES/ros-ws/install/setup.zsh'
