-- The C compiler identification is GNU 13.3.0
-- The CXX compiler identification is GNU 13.3.0
-- Detecting C compiler ABI info
-- Detecting C compiler ABI info - done
-- Check for working C compiler: /usr/bin/cc - skipped
-- Detecting C compile features
-- Detecting C compile features - done
-- Detecting CXX compiler ABI info
-- Detecting CXX compiler ABI info - done
-- Check for working CXX compiler: /usr/bin/c++ - skipped
-- Detecting CXX compile features
-- Detecting CXX compile features - done
-- Found ament_cmake: 2.5.6 (/opt/ros/jazzy/share/ament_cmake/cmake)
-- Found Python3: /usr/bin/python3 (found version "3.12.3") found components: Interpreter 
-- Override CMake install command with custom implementation using symlinks instead of copying resources
-- Configuring done (1.4s)
-- Generating done (0.0s)
-- Build files have been written to: /home/comrade/Documents/Project_ARIES/ros-ws/build/moveit2
-- Install configuration: ""
-- Execute custom install script
-- Symlinking: /home/comrade/Documents/Project_ARIES/ros-ws/install/moveit2/share/ament_index/resource_index/package_run_dependencies/moveit2
-- Symlinking: /home/comrade/Documents/Project_ARIES/ros-ws/install/moveit2/share/ament_index/resource_index/parent_prefix_path/moveit2
-- Symlinking: /home/comrade/Documents/Project_ARIES/ros-ws/install/moveit2/share/moveit2/environment/ament_prefix_path.sh
-- Symlinking: /home/comrade/Documents/Project_ARIES/ros-ws/install/moveit2/share/moveit2/environment/ament_prefix_path.dsv
-- Symlinking: /home/comrade/Documents/Project_ARIES/ros-ws/install/moveit2/share/moveit2/environment/path.sh
-- Symlinking: /home/comrade/Documents/Project_ARIES/ros-ws/install/moveit2/share/moveit2/environment/path.dsv
-- Symlinking: /home/comrade/Documents/Project_ARIES/ros-ws/install/moveit2/share/moveit2/local_setup.bash
-- Symlinking: /home/comrade/Documents/Project_ARIES/ros-ws/install/moveit2/share/moveit2/local_setup.sh
-- Symlinking: /home/comrade/Documents/Project_ARIES/ros-ws/install/moveit2/share/moveit2/local_setup.zsh
-- Symlinking: /home/comrade/Documents/Project_ARIES/ros-ws/install/moveit2/share/moveit2/local_setup.dsv
-- Symlinking: /home/comrade/Documents/Project_ARIES/ros-ws/install/moveit2/share/moveit2/package.dsv
-- Symlinking: /home/comrade/Documents/Project_ARIES/ros-ws/install/moveit2/share/ament_index/resource_index/packages/moveit2
-- Symlinking: /home/comrade/Documents/Project_ARIES/ros-ws/install/moveit2/share/moveit2/cmake/moveit2Config.cmake
-- Symlinking: /home/comrade/Documents/Project_ARIES/ros-ws/install/moveit2/share/moveit2/cmake/moveit2Config-version.cmake
-- Symlinking: /home/comrade/Documents/Project_ARIES/ros-ws/install/moveit2/share/moveit2/package.xml
-- Symlinking: /home/comrade/Documents/Project_ARIES/ros-ws/install/moveit2/share/moveit2/launch/demo.launch.py
-- Symlinking: /home/comrade/Documents/Project_ARIES/ros-ws/install/moveit2/share/moveit2/launch/move_group.launch.py
-- Symlinking: /home/comrade/Documents/Project_ARIES/ros-ws/install/moveit2/share/moveit2/launch/moveit_rviz.launch.py
-- Symlinking: /home/comrade/Documents/Project_ARIES/ros-ws/install/moveit2/share/moveit2/launch/rsp.launch.py
-- Symlinking: /home/comrade/Documents/Project_ARIES/ros-ws/install/moveit2/share/moveit2/launch/setup_assistant.launch.py
-- Symlinking: /home/comrade/Documents/Project_ARIES/ros-ws/install/moveit2/share/moveit2/launch/spawn_controllers.launch.py
-- Symlinking: /home/comrade/Documents/Project_ARIES/ros-ws/install/moveit2/share/moveit2/launch/static_virtual_joint_tfs.launch.py
-- Symlinking: /home/comrade/Documents/Project_ARIES/ros-ws/install/moveit2/share/moveit2/launch/warehouse_db.launch.py
-- Symlinking: /home/comrade/Documents/Project_ARIES/ros-ws/install/moveit2/share/moveit2/config/full.ros2_control.xacro
-- Symlinking: /home/comrade/Documents/Project_ARIES/ros-ws/install/moveit2/share/moveit2/config/full.srdf
-- Symlinking: /home/comrade/Documents/Project_ARIES/ros-ws/install/moveit2/share/moveit2/config/full.urdf.xacro
-- Symlinking: /home/comrade/Documents/Project_ARIES/ros-ws/install/moveit2/share/moveit2/config/initial_positions.yaml
-- Symlinking: /home/comrade/Documents/Project_ARIES/ros-ws/install/moveit2/share/moveit2/config/joint_limits.yaml
-- Symlinking: /home/comrade/Documents/Project_ARIES/ros-ws/install/moveit2/share/moveit2/config/kinematics.yaml
-- Symlinking: /home/comrade/Documents/Project_ARIES/ros-ws/install/moveit2/share/moveit2/config/moveit.rviz
-- Symlinking: /home/comrade/Documents/Project_ARIES/ros-ws/install/moveit2/share/moveit2/config/moveit_controllers.yaml
-- Symlinking: /home/comrade/Documents/Project_ARIES/ros-ws/install/moveit2/share/moveit2/config/pilz_cartesian_limits.yaml
-- Symlinking: /home/comrade/Documents/Project_ARIES/ros-ws/install/moveit2/share/moveit2/config/ros2_controllers.yaml
-- Symlinking: /home/comrade/Documents/Project_ARIES/ros-ws/install/moveit2/share/moveit2/config/sensors_3d.yaml
-- Symlinking: /home/comrade/Documents/Project_ARIES/ros-ws/install/moveit2/share/moveit2/.setup_assistant
