[0.298s] DEBUG:colcon:Command line arguments: ['/usr/bin/colcon', 'build', '--symlink-install']
[0.298s] DEBUG:colcon:Parsed command line arguments: Namespace(log_base=None, log_level=None, verb_name='build', build_base='build', install_base='install', merge_install=False, symlink_install=True, test_result_base=None, continue_on_error=False, executor='parallel', parallel_workers=8, event_handlers=None, ignore_user_meta=False, metas=['./colcon.meta'], base_paths=['.'], packages_ignore=None, packages_ignore_regex=None, paths=None, packages_up_to=None, packages_up_to_regex=None, packages_above=None, packages_above_and_dependencies=None, packages_above_depth=None, packages_select_by_dep=None, packages_skip_by_dep=None, packages_skip_up_to=None, packages_select_build_failed=False, packages_skip_build_finished=False, packages_select_test_failures=False, packages_skip_test_passed=False, packages_select=None, packages_skip=None, packages_select_regex=None, packages_skip_regex=None, packages_start=None, packages_end=None, allow_overriding=[], cmake_args=None, cmake_target=None, cmake_target_skip_unavailable=False, cmake_clean_cache=False, cmake_clean_first=False, cmake_force_configure=False, ament_cmake_args=None, catkin_cmake_args=None, catkin_skip_building_tests=False, mixin_files=None, mixin=None, verb_parser=<colcon_mixin.mixin.mixin_argument.MixinArgumentDecorator object at 0x7235349b4ec0>, verb_extension=<colcon_core.verb.build.BuildVerb object at 0x7235349b4a70>, main=<bound method BuildVerb.main of <colcon_core.verb.build.BuildVerb object at 0x7235349b4a70>>, mixin_verb=('build',))
[0.362s] Level 1:colcon.colcon_core.package_discovery:discover_packages(colcon_meta) check parameters
[0.362s] Level 1:colcon.colcon_core.package_discovery:discover_packages(recursive) check parameters
[0.362s] Level 1:colcon.colcon_core.package_discovery:discover_packages(ignore) check parameters
[0.362s] Level 1:colcon.colcon_core.package_discovery:discover_packages(path) check parameters
[0.362s] Level 1:colcon.colcon_core.package_discovery:discover_packages(colcon_meta) discover
[0.362s] Level 1:colcon.colcon_core.package_discovery:discover_packages(recursive) discover
[0.362s] INFO:colcon.colcon_core.package_discovery:Crawling recursively for packages in '/home/comrade/Documents/Project_ARIES/ros-ws'
[0.362s] Level 1:colcon.colcon_core.package_identification:_identify(.) by extensions ['ignore', 'ignore_ament_install']
[0.363s] Level 1:colcon.colcon_core.package_identification:_identify(.) by extension 'ignore'
[0.363s] Level 1:colcon.colcon_core.package_identification:_identify(.) by extension 'ignore_ament_install'
[0.363s] Level 1:colcon.colcon_core.package_identification:_identify(.) by extensions ['colcon_pkg']
[0.363s] Level 1:colcon.colcon_core.package_identification:_identify(.) by extension 'colcon_pkg'
[0.363s] Level 1:colcon.colcon_core.package_identification:_identify(.) by extensions ['colcon_meta']
[0.363s] Level 1:colcon.colcon_core.package_identification:_identify(.) by extension 'colcon_meta'
[0.363s] Level 1:colcon.colcon_core.package_identification:_identify(.) by extensions ['ros']
[0.363s] Level 1:colcon.colcon_core.package_identification:_identify(.) by extension 'ros'
[0.402s] Level 1:colcon.colcon_core.package_identification:_identify(.) by extensions ['cmake', 'python']
[0.402s] Level 1:colcon.colcon_core.package_identification:_identify(.) by extension 'cmake'
[0.403s] Level 1:colcon.colcon_core.package_identification:_identify(.) by extension 'python'
[0.403s] Level 1:colcon.colcon_core.package_identification:_identify(.) by extensions ['python_setup_py']
[0.403s] Level 1:colcon.colcon_core.package_identification:_identify(.) by extension 'python_setup_py'
[0.403s] Level 1:colcon.colcon_core.package_identification:_identify(build) by extensions ['ignore', 'ignore_ament_install']
[0.403s] Level 1:colcon.colcon_core.package_identification:_identify(build) by extension 'ignore'
[0.403s] Level 1:colcon.colcon_core.package_identification:_identify(build) ignored
[0.403s] Level 1:colcon.colcon_core.package_identification:_identify(install) by extensions ['ignore', 'ignore_ament_install']
[0.404s] Level 1:colcon.colcon_core.package_identification:_identify(install) by extension 'ignore'
[0.404s] Level 1:colcon.colcon_core.package_identification:_identify(install) ignored
[0.404s] Level 1:colcon.colcon_core.package_identification:_identify(log) by extensions ['ignore', 'ignore_ament_install']
[0.404s] Level 1:colcon.colcon_core.package_identification:_identify(log) by extension 'ignore'
[0.404s] Level 1:colcon.colcon_core.package_identification:_identify(log) ignored
[0.404s] Level 1:colcon.colcon_core.package_identification:_identify(src) by extensions ['ignore', 'ignore_ament_install']
[0.404s] Level 1:colcon.colcon_core.package_identification:_identify(src) by extension 'ignore'
[0.404s] Level 1:colcon.colcon_core.package_identification:_identify(src) by extension 'ignore_ament_install'
[0.404s] Level 1:colcon.colcon_core.package_identification:_identify(src) by extensions ['colcon_pkg']
[0.404s] Level 1:colcon.colcon_core.package_identification:_identify(src) by extension 'colcon_pkg'
[0.405s] Level 1:colcon.colcon_core.package_identification:_identify(src) by extensions ['colcon_meta']
[0.405s] Level 1:colcon.colcon_core.package_identification:_identify(src) by extension 'colcon_meta'
[0.405s] Level 1:colcon.colcon_core.package_identification:_identify(src) by extensions ['ros']
[0.405s] Level 1:colcon.colcon_core.package_identification:_identify(src) by extension 'ros'
[0.405s] Level 1:colcon.colcon_core.package_identification:_identify(src) by extensions ['cmake', 'python']
[0.405s] Level 1:colcon.colcon_core.package_identification:_identify(src) by extension 'cmake'
[0.405s] Level 1:colcon.colcon_core.package_identification:_identify(src) by extension 'python'
[0.405s] Level 1:colcon.colcon_core.package_identification:_identify(src) by extensions ['python_setup_py']
[0.405s] Level 1:colcon.colcon_core.package_identification:_identify(src) by extension 'python_setup_py'
[0.405s] Level 1:colcon.colcon_core.package_identification:_identify(src/aries) by extensions ['ignore', 'ignore_ament_install']
[0.405s] Level 1:colcon.colcon_core.package_identification:_identify(src/aries) by extension 'ignore'
[0.405s] Level 1:colcon.colcon_core.package_identification:_identify(src/aries) by extension 'ignore_ament_install'
[0.405s] Level 1:colcon.colcon_core.package_identification:_identify(src/aries) by extensions ['colcon_pkg']
[0.406s] Level 1:colcon.colcon_core.package_identification:_identify(src/aries) by extension 'colcon_pkg'
[0.406s] Level 1:colcon.colcon_core.package_identification:_identify(src/aries) by extensions ['colcon_meta']
[0.406s] Level 1:colcon.colcon_core.package_identification:_identify(src/aries) by extension 'colcon_meta'
[0.406s] Level 1:colcon.colcon_core.package_identification:_identify(src/aries) by extensions ['ros']
[0.406s] Level 1:colcon.colcon_core.package_identification:_identify(src/aries) by extension 'ros'
[0.410s] DEBUG:colcon.colcon_core.package_identification:Package 'src/aries' with type 'ros.ament_cmake' and name 'aries'
[0.410s] Level 1:colcon.colcon_core.package_discovery:discover_packages(recursive) using defaults
[0.411s] Level 1:colcon.colcon_core.package_discovery:discover_packages(ignore) discover
[0.411s] Level 1:colcon.colcon_core.package_discovery:discover_packages(ignore) using defaults
[0.411s] Level 1:colcon.colcon_core.package_discovery:discover_packages(path) discover
[0.411s] Level 1:colcon.colcon_core.package_discovery:discover_packages(path) using defaults
[0.438s] Level 1:colcon.colcon_core.package_discovery:discover_packages(prefix_path) check parameters
[0.438s] Level 1:colcon.colcon_core.package_discovery:discover_packages(prefix_path) discover
[0.440s] WARNING:colcon.colcon_ros.prefix_path.ament:The path '/home/comrade/Documents/Project_ARIES/ros-ws/install/moveit2' in the environment variable AMENT_PREFIX_PATH doesn't exist
[0.440s] WARNING:colcon.colcon_ros.prefix_path.ament:The path '/home/comrade/Documents/Project_ARIES/ros-ws/install/aries_testing' in the environment variable AMENT_PREFIX_PATH doesn't exist
[0.440s] WARNING:colcon.colcon_ros.prefix_path.catkin:The path '/home/comrade/Documents/Project_ARIES/ros-ws/install/moveit2' in the environment variable CMAKE_PREFIX_PATH doesn't exist
[0.440s] WARNING:colcon.colcon_ros.prefix_path.catkin:The path '/home/comrade/Documents/Project_ARIES/ros-ws/install/aries_testing' in the environment variable CMAKE_PREFIX_PATH doesn't exist
[0.441s] DEBUG:colcon.colcon_installed_package_information.package_discovery:Found 1 installed packages in /home/comrade/Documents/Project_ARIES/ros-ws/install
[0.445s] DEBUG:colcon.colcon_installed_package_information.package_discovery:Found 425 installed packages in /opt/ros/jazzy
[0.449s] Level 1:colcon.colcon_core.package_discovery:discover_packages(prefix_path) using defaults
[0.552s] Level 5:colcon.colcon_core.verb:set package 'aries' build argument 'cmake_args' from command line to 'None'
[0.552s] Level 5:colcon.colcon_core.verb:set package 'aries' build argument 'cmake_target' from command line to 'None'
[0.552s] Level 5:colcon.colcon_core.verb:set package 'aries' build argument 'cmake_target_skip_unavailable' from command line to 'False'
[0.552s] Level 5:colcon.colcon_core.verb:set package 'aries' build argument 'cmake_clean_cache' from command line to 'False'
[0.552s] Level 5:colcon.colcon_core.verb:set package 'aries' build argument 'cmake_clean_first' from command line to 'False'
[0.552s] Level 5:colcon.colcon_core.verb:set package 'aries' build argument 'cmake_force_configure' from command line to 'False'
[0.552s] Level 5:colcon.colcon_core.verb:set package 'aries' build argument 'ament_cmake_args' from command line to 'None'
[0.552s] Level 5:colcon.colcon_core.verb:set package 'aries' build argument 'catkin_cmake_args' from command line to 'None'
[0.552s] Level 5:colcon.colcon_core.verb:set package 'aries' build argument 'catkin_skip_building_tests' from command line to 'False'
[0.552s] DEBUG:colcon.colcon_core.verb:Building package 'aries' with the following arguments: {'ament_cmake_args': None, 'build_base': '/home/comrade/Documents/Project_ARIES/ros-ws/build/aries', 'catkin_cmake_args': None, 'catkin_skip_building_tests': False, 'cmake_args': None, 'cmake_clean_cache': False, 'cmake_clean_first': False, 'cmake_force_configure': False, 'cmake_target': None, 'cmake_target_skip_unavailable': False, 'install_base': '/home/comrade/Documents/Project_ARIES/ros-ws/install/aries', 'merge_install': False, 'path': '/home/comrade/Documents/Project_ARIES/ros-ws/src/aries', 'symlink_install': True, 'test_result_base': None}
[0.552s] INFO:colcon.colcon_core.executor:Executing jobs using 'parallel' executor
[0.554s] DEBUG:colcon.colcon_parallel_executor.executor.parallel:run_until_complete
[0.554s] INFO:colcon.colcon_ros.task.ament_cmake.build:Building ROS package in '/home/comrade/Documents/Project_ARIES/ros-ws/src/aries' with build type 'ament_cmake'
[0.554s] INFO:colcon.colcon_cmake.task.cmake.build:Building CMake package in '/home/comrade/Documents/Project_ARIES/ros-ws/src/aries'
[0.557s] INFO:colcon.colcon_core.plugin_system:Skipping extension 'colcon_core.shell.bat': Not used on non-Windows systems
[0.557s] INFO:colcon.colcon_core.shell:Skip shell extension 'powershell' for command environment: Not usable outside of PowerShell
[0.557s] DEBUG:colcon.colcon_core.shell:Skip shell extension 'dsv' for command environment
[0.574s] DEBUG:colcon.colcon_core.event_handler.log_command:Invoking command in '/home/comrade/Documents/Project_ARIES/ros-ws/build/aries': CMAKE_PREFIX_PATH=${CMAKE_PREFIX_PATH}:/opt/ros/jazzy /usr/bin/cmake --build /home/comrade/Documents/Project_ARIES/ros-ws/build/aries -- -j8 -l8
[0.645s] DEBUG:colcon.colcon_core.event_handler.log_command:Invoked command in '/home/comrade/Documents/Project_ARIES/ros-ws/build/aries' returned '0': CMAKE_PREFIX_PATH=${CMAKE_PREFIX_PATH}:/opt/ros/jazzy /usr/bin/cmake --build /home/comrade/Documents/Project_ARIES/ros-ws/build/aries -- -j8 -l8
[0.661s] DEBUG:colcon.colcon_core.event_handler.log_command:Invoking command in '/home/comrade/Documents/Project_ARIES/ros-ws/build/aries': CMAKE_PREFIX_PATH=${CMAKE_PREFIX_PATH}:/opt/ros/jazzy /usr/bin/cmake --install /home/comrade/Documents/Project_ARIES/ros-ws/build/aries
[0.713s] Level 1:colcon.colcon_core.environment:create_environment_scripts_only(aries)
[0.714s] DEBUG:colcon.colcon_core.event_handler.log_command:Invoked command in '/home/comrade/Documents/Project_ARIES/ros-ws/build/aries' returned '0': CMAKE_PREFIX_PATH=${CMAKE_PREFIX_PATH}:/opt/ros/jazzy /usr/bin/cmake --install /home/comrade/Documents/Project_ARIES/ros-ws/build/aries
[0.717s] Level 1:colcon.colcon_core.environment:checking '/home/comrade/Documents/Project_ARIES/ros-ws/install/aries' for CMake module files
[0.718s] Level 1:colcon.colcon_core.environment:checking '/home/comrade/Documents/Project_ARIES/ros-ws/install/aries' for CMake config files
[0.719s] Level 1:colcon.colcon_core.shell:create_environment_hook('aries', 'cmake_prefix_path')
[0.719s] INFO:colcon.colcon_core.shell:Creating environment hook '/home/comrade/Documents/Project_ARIES/ros-ws/install/aries/share/aries/hook/cmake_prefix_path.ps1'
[0.720s] INFO:colcon.colcon_core.shell:Creating environment descriptor '/home/comrade/Documents/Project_ARIES/ros-ws/install/aries/share/aries/hook/cmake_prefix_path.dsv'
[0.721s] INFO:colcon.colcon_core.shell:Creating environment hook '/home/comrade/Documents/Project_ARIES/ros-ws/install/aries/share/aries/hook/cmake_prefix_path.sh'
[0.722s] Level 1:colcon.colcon_core.environment:checking '/home/comrade/Documents/Project_ARIES/ros-ws/install/aries/lib'
[0.722s] Level 1:colcon.colcon_core.environment:checking '/home/comrade/Documents/Project_ARIES/ros-ws/install/aries/bin'
[0.722s] Level 1:colcon.colcon_core.environment:checking '/home/comrade/Documents/Project_ARIES/ros-ws/install/aries/lib/pkgconfig/aries.pc'
[0.723s] Level 1:colcon.colcon_core.environment:checking '/home/comrade/Documents/Project_ARIES/ros-ws/install/aries/lib/python3.12/site-packages'
[0.723s] Level 1:colcon.colcon_core.environment:checking '/home/comrade/Documents/Project_ARIES/ros-ws/install/aries/bin'
[0.724s] INFO:colcon.colcon_core.shell:Creating package script '/home/comrade/Documents/Project_ARIES/ros-ws/install/aries/share/aries/package.ps1'
[0.725s] INFO:colcon.colcon_core.shell:Creating package descriptor '/home/comrade/Documents/Project_ARIES/ros-ws/install/aries/share/aries/package.dsv'
[0.726s] INFO:colcon.colcon_core.shell:Creating package script '/home/comrade/Documents/Project_ARIES/ros-ws/install/aries/share/aries/package.sh'
[0.727s] INFO:colcon.colcon_core.shell:Creating package script '/home/comrade/Documents/Project_ARIES/ros-ws/install/aries/share/aries/package.bash'
[0.728s] INFO:colcon.colcon_core.shell:Creating package script '/home/comrade/Documents/Project_ARIES/ros-ws/install/aries/share/aries/package.zsh'
[0.728s] Level 1:colcon.colcon_core.environment:create_file_with_runtime_dependencies(/home/comrade/Documents/Project_ARIES/ros-ws/install/aries/share/colcon-core/packages/aries)
[0.729s] Level 1:colcon.colcon_core.environment:create_environment_scripts_only(aries)
[0.729s] Level 1:colcon.colcon_core.environment:checking '/home/comrade/Documents/Project_ARIES/ros-ws/install/aries' for CMake module files
[0.730s] Level 1:colcon.colcon_core.environment:checking '/home/comrade/Documents/Project_ARIES/ros-ws/install/aries' for CMake config files
[0.731s] Level 1:colcon.colcon_core.shell:create_environment_hook('aries', 'cmake_prefix_path')
[0.731s] INFO:colcon.colcon_core.shell:Creating environment hook '/home/comrade/Documents/Project_ARIES/ros-ws/install/aries/share/aries/hook/cmake_prefix_path.ps1'
[0.732s] INFO:colcon.colcon_core.shell:Creating environment descriptor '/home/comrade/Documents/Project_ARIES/ros-ws/install/aries/share/aries/hook/cmake_prefix_path.dsv'
[0.732s] INFO:colcon.colcon_core.shell:Creating environment hook '/home/comrade/Documents/Project_ARIES/ros-ws/install/aries/share/aries/hook/cmake_prefix_path.sh'
[0.733s] Level 1:colcon.colcon_core.environment:checking '/home/comrade/Documents/Project_ARIES/ros-ws/install/aries/lib'
[0.733s] Level 1:colcon.colcon_core.environment:checking '/home/comrade/Documents/Project_ARIES/ros-ws/install/aries/bin'
[0.733s] Level 1:colcon.colcon_core.environment:checking '/home/comrade/Documents/Project_ARIES/ros-ws/install/aries/lib/pkgconfig/aries.pc'
[0.734s] Level 1:colcon.colcon_core.environment:checking '/home/comrade/Documents/Project_ARIES/ros-ws/install/aries/lib/python3.12/site-packages'
[0.734s] Level 1:colcon.colcon_core.environment:checking '/home/comrade/Documents/Project_ARIES/ros-ws/install/aries/bin'
[0.735s] INFO:colcon.colcon_core.shell:Creating package script '/home/comrade/Documents/Project_ARIES/ros-ws/install/aries/share/aries/package.ps1'
[0.736s] INFO:colcon.colcon_core.shell:Creating package descriptor '/home/comrade/Documents/Project_ARIES/ros-ws/install/aries/share/aries/package.dsv'
[0.736s] INFO:colcon.colcon_core.shell:Creating package script '/home/comrade/Documents/Project_ARIES/ros-ws/install/aries/share/aries/package.sh'
[0.737s] INFO:colcon.colcon_core.shell:Creating package script '/home/comrade/Documents/Project_ARIES/ros-ws/install/aries/share/aries/package.bash'
[0.737s] INFO:colcon.colcon_core.shell:Creating package script '/home/comrade/Documents/Project_ARIES/ros-ws/install/aries/share/aries/package.zsh'
[0.738s] Level 1:colcon.colcon_core.environment:create_file_with_runtime_dependencies(/home/comrade/Documents/Project_ARIES/ros-ws/install/aries/share/colcon-core/packages/aries)
[0.739s] DEBUG:colcon.colcon_parallel_executor.executor.parallel:closing loop
[0.739s] DEBUG:colcon.colcon_parallel_executor.executor.parallel:loop closed
[0.739s] DEBUG:colcon.colcon_parallel_executor.executor.parallel:run_until_complete finished with '0'
[0.739s] DEBUG:colcon.colcon_core.event_reactor:joining thread
[0.750s] INFO:colcon.colcon_core.plugin_system:Skipping extension 'colcon_notification.desktop_notification.terminal_notifier': Not used on non-Darwin systems
[0.750s] INFO:colcon.colcon_core.plugin_system:Skipping extension 'colcon_notification.desktop_notification.win32': Not used on non-Windows systems
[0.750s] INFO:colcon.colcon_notification.desktop_notification:Sending desktop notification using 'notify2'
[0.755s] DEBUG:colcon.colcon_core.event_reactor:joined thread
[0.756s] INFO:colcon.colcon_core.shell:Creating prefix script '/home/comrade/Documents/Project_ARIES/ros-ws/install/local_setup.ps1'
[0.758s] INFO:colcon.colcon_core.shell:Creating prefix util module '/home/comrade/Documents/Project_ARIES/ros-ws/install/_local_setup_util_ps1.py'
[0.760s] INFO:colcon.colcon_core.shell:Creating prefix chain script '/home/comrade/Documents/Project_ARIES/ros-ws/install/setup.ps1'
[0.763s] INFO:colcon.colcon_core.shell:Creating prefix script '/home/comrade/Documents/Project_ARIES/ros-ws/install/local_setup.sh'
[0.764s] INFO:colcon.colcon_core.shell:Creating prefix util module '/home/comrade/Documents/Project_ARIES/ros-ws/install/_local_setup_util_sh.py'
[0.765s] INFO:colcon.colcon_core.shell:Creating prefix chain script '/home/comrade/Documents/Project_ARIES/ros-ws/install/setup.sh'
[0.767s] INFO:colcon.colcon_core.shell:Creating prefix script '/home/comrade/Documents/Project_ARIES/ros-ws/install/local_setup.bash'
[0.768s] INFO:colcon.colcon_core.shell:Creating prefix chain script '/home/comrade/Documents/Project_ARIES/ros-ws/install/setup.bash'
[0.771s] INFO:colcon.colcon_core.shell:Creating prefix script '/home/comrade/Documents/Project_ARIES/ros-ws/install/local_setup.zsh'
[0.772s] INFO:colcon.colcon_core.shell:Creating prefix chain script '/home/comrade/Documents/Project_ARIES/ros-ws/install/setup.zsh'
